{"/Users/takiacademy/Desktop/Ostedhy/backend/src/app.ts": {"path":"/Users/takiacademy/Desktop/Ostedhy/backend/src/app.ts","statementMap":{"0":{"start":{"line":2,"column":0},"end":{"line":2,"column":30}},"1":{"start":{"line":3,"column":0},"end":{"line":3,"column":24}},"2":{"start":{"line":4,"column":0},"end":{"line":4,"column":36}},"3":{"start":{"line":5,"column":0},"end":{"line":5,"column":41}},"4":{"start":{"line":6,"column":0},"end":{"line":6,"column":57}},"5":{"start":{"line":7,"column":0},"end":{"line":7,"column":24}},"6":{"start":{"line":9,"column":13},"end":{"line":9,"column":37}},"7":{"start":{"line":11,"column":12},"end":{"line":11,"column":21}},"8":{"start":{"line":13,"column":0},"end":{"line":18,"column":2}},"9":{"start":{"line":20,"column":0},"end":{"line":20,"column":24}},"10":{"start":{"line":21,"column":0},"end":{"line":21,"column":34}},"11":{"start":{"line":23,"column":0},"end":{"line":23,"column":56}},"12":{"start":{"line":24,"column":0},"end":{"line":24,"column":24}},"13":{"start":{"line":26,"column":0},"end":{"line":26,"column":16}},"14":{"start":{"line":27,"column":0},"end":{"line":27,"column":22}},"15":{"start":{"line":28,"column":0},"end":{"line":28,"column":19}}},"fnMap":{},"branchMap":{},"s":{"0":6,"1":6,"2":6,"3":6,"4":6,"5":6,"6":6,"7":6,"8":6,"9":6,"10":6,"11":6,"12":6,"13":6,"14":6,"15":6},"f":{},"b":{}}
,"/Users/takiacademy/Desktop/Ostedhy/backend/src/config/config.ts": {"path":"/Users/takiacademy/Desktop/Ostedhy/backend/src/config/config.ts","statementMap":{"0":{"start":{"line":1,"column":0},"end":{"line":1,"column":28}},"1":{"start":{"line":3,"column":0},"end":{"line":3,"column":16}},"2":{"start":{"line":5,"column":23},"end":{"line":5,"column":62}},"3":{"start":{"line":6,"column":23},"end":{"line":6,"column":59}},"4":{"start":{"line":7,"column":23},"end":{"line":7,"column":65}},"5":{"start":{"line":8,"column":19},"end":{"line":8,"column":56}},"6":{"start":{"line":10,"column":19},"end":{"line":15,"column":2}},"7":{"start":{"line":16,"column":20},"end":{"line":16,"column":43}},"8":{"start":{"line":17,"column":24},"end":{"line":17,"column":66}},"9":{"start":{"line":18,"column":20},"end":{"line":18,"column":53}},"10":{"start":{"line":19,"column":33},"end":{"line":19,"column":77}},"11":{"start":{"line":21,"column":28},"end":{"line":21,"column":76}},"12":{"start":{"line":22,"column":29},"end":{"line":22,"column":79}},"13":{"start":{"line":23,"column":33},"end":{"line":23,"column":78}},"14":{"start":{"line":25,"column":2},"end":{"line":25,"column":47}},"15":{"start":{"line":27,"column":15},"end":{"line":39,"column":2}},"16":{"start":{"line":41,"column":13},"end":{"line":44,"column":2}}},"fnMap":{},"branchMap":{"0":{"loc":{"start":{"line":5,"column":23},"end":{"line":5,"column":62}},"type":"binary-expr","locations":[{"start":{"line":5,"column":23},"end":{"line":5,"column":49}},{"start":{"line":5,"column":53},"end":{"line":5,"column":62}}]},"1":{"loc":{"start":{"line":6,"column":23},"end":{"line":6,"column":59}},"type":"binary-expr","locations":[{"start":{"line":6,"column":23},"end":{"line":6,"column":49}},{"start":{"line":6,"column":53},"end":{"line":6,"column":59}}]},"2":{"loc":{"start":{"line":7,"column":23},"end":{"line":7,"column":65}},"type":"binary-expr","locations":[{"start":{"line":7,"column":23},"end":{"line":7,"column":49}},{"start":{"line":7,"column":53},"end":{"line":7,"column":65}}]},"3":{"loc":{"start":{"line":8,"column":19},"end":{"line":8,"column":56}},"type":"binary-expr","locations":[{"start":{"line":8,"column":19},"end":{"line":8,"column":41}},{"start":{"line":8,"column":45},"end":{"line":8,"column":56}}]},"4":{"loc":{"start":{"line":17,"column":24},"end":{"line":17,"column":66}},"type":"binary-expr","locations":[{"start":{"line":17,"column":24},"end":{"line":17,"column":51}},{"start":{"line":17,"column":55},"end":{"line":17,"column":66}}]},"5":{"loc":{"start":{"line":18,"column":20},"end":{"line":18,"column":53}},"type":"binary-expr","locations":[{"start":{"line":18,"column":20},"end":{"line":18,"column":43}},{"start":{"line":18,"column":47},"end":{"line":18,"column":53}}]},"6":{"loc":{"start":{"line":19,"column":33},"end":{"line":19,"column":77}},"type":"binary-expr","locations":[{"start":{"line":19,"column":33},"end":{"line":19,"column":69}},{"start":{"line":19,"column":73},"end":{"line":19,"column":77}}]},"7":{"loc":{"start":{"line":21,"column":28},"end":{"line":21,"column":76}},"type":"binary-expr","locations":[{"start":{"line":21,"column":28},"end":{"line":21,"column":59}},{"start":{"line":21,"column":63},"end":{"line":21,"column":76}}]},"8":{"loc":{"start":{"line":22,"column":29},"end":{"line":22,"column":79}},"type":"binary-expr","locations":[{"start":{"line":22,"column":29},"end":{"line":22,"column":61}},{"start":{"line":22,"column":65},"end":{"line":22,"column":79}}]},"9":{"loc":{"start":{"line":23,"column":33},"end":{"line":23,"column":78}},"type":"binary-expr","locations":[{"start":{"line":23,"column":33},"end":{"line":23,"column":69}},{"start":{"line":23,"column":73},"end":{"line":23,"column":78}}]},"10":{"loc":{"start":{"line":25,"column":2},"end":{"line":25,"column":47}},"type":"binary-expr","locations":[{"start":{"line":25,"column":2},"end":{"line":25,"column":40}},{"start":{"line":25,"column":44},"end":{"line":25,"column":47}}]}},"s":{"0":8,"1":8,"2":8,"3":8,"4":8,"5":8,"6":8,"7":8,"8":8,"9":8,"10":8,"11":8,"12":8,"13":8,"14":8,"15":8,"16":8},"f":{},"b":{"0":[8,8],"1":[8,8],"2":[8,8],"3":[8,8],"4":[8,8],"5":[8,8],"6":[8,8],"7":[8,8],"8":[8,8],"9":[8,8],"10":[8,8]}}
,"/Users/takiacademy/Desktop/Ostedhy/backend/src/controllers/auth.controller.ts": {"path":"/Users/takiacademy/Desktop/Ostedhy/backend/src/controllers/auth.controller.ts","statementMap":{"0":{"start":{"line":1,"column":0},"end":{"line":1,"column":61}},"1":{"start":{"line":2,"column":0},"end":{"line":2,"column":62}},"2":{"start":{"line":3,"column":0},"end":{"line":3,"column":53}},"3":{"start":{"line":5,"column":0},"end":{"line":5,"column":49}},"4":{"start":{"line":6,"column":0},"end":{"line":6,"column":38}},"5":{"start":{"line":8,"column":18},"end":{"line":8,"column":35}},"6":{"start":{"line":10,"column":31},"end":{"line":18,"column":1}},"7":{"start":{"line":15,"column":17},"end":{"line":15,"column":32}},"8":{"start":{"line":16,"column":19},"end":{"line":16,"column":52}},"9":{"start":{"line":17,"column":2},"end":{"line":17,"column":52}},"10":{"start":{"line":10,"column":13},"end":{"line":10,"column":31}},"11":{"start":{"line":20,"column":13},"end":{"line":31,"column":2}},"12":{"start":{"line":22,"column":4},"end":{"line":22,"column":57}},"13":{"start":{"line":24,"column":4},"end":{"line":26,"column":63}},"14":{"start":{"line":28,"column":4},"end":{"line":28,"column":54}},"15":{"start":{"line":29,"column":4},"end":{"line":29,"column":63}},"16":{"start":{"line":33,"column":13},"end":{"line":46,"column":2}},"17":{"start":{"line":35,"column":4},"end":{"line":35,"column":54}},"18":{"start":{"line":36,"column":39},"end":{"line":36,"column":47}},"19":{"start":{"line":37,"column":17},"end":{"line":37,"column":60}},"20":{"start":{"line":38,"column":4},"end":{"line":43,"column":47}},"21":{"start":{"line":44,"column":4},"end":{"line":44,"column":60}},"22":{"start":{"line":48,"column":13},"end":{"line":57,"column":2}},"23":{"start":{"line":50,"column":4},"end":{"line":50,"column":61}},"24":{"start":{"line":51,"column":43},"end":{"line":51,"column":54}},"25":{"start":{"line":53,"column":21},"end":{"line":53,"column":56}},"26":{"start":{"line":54,"column":4},"end":{"line":54,"column":54}},"27":{"start":{"line":55,"column":4},"end":{"line":55,"column":67}},"28":{"start":{"line":59,"column":13},"end":{"line":66,"column":2}},"29":{"start":{"line":61,"column":4},"end":{"line":61,"column":64}},"30":{"start":{"line":62,"column":21},"end":{"line":62,"column":61}},"31":{"start":{"line":63,"column":4},"end":{"line":63,"column":54}},"32":{"start":{"line":64,"column":4},"end":{"line":64,"column":70}},"33":{"start":{"line":67,"column":13},"end":{"line":78,"column":2}},"34":{"start":{"line":69,"column":4},"end":{"line":69,"column":62}},"35":{"start":{"line":71,"column":21},"end":{"line":73,"column":null}},"36":{"start":{"line":75,"column":4},"end":{"line":75,"column":54}},"37":{"start":{"line":76,"column":4},"end":{"line":76,"column":69}},"38":{"start":{"line":80,"column":13},"end":{"line":88,"column":2}},"39":{"start":{"line":82,"column":4},"end":{"line":82,"column":70}},"40":{"start":{"line":84,"column":21},"end":{"line":84,"column":67}},"41":{"start":{"line":85,"column":4},"end":{"line":85,"column":54}},"42":{"start":{"line":86,"column":4},"end":{"line":86,"column":78}},"43":{"start":{"line":90,"column":13},"end":{"line":98,"column":2}},"44":{"start":{"line":92,"column":4},"end":{"line":92,"column":63}},"45":{"start":{"line":94,"column":21},"end":{"line":94,"column":74}},"46":{"start":{"line":95,"column":4},"end":{"line":95,"column":54}},"47":{"start":{"line":96,"column":4},"end":{"line":96,"column":68}},"48":{"start":{"line":100,"column":13},"end":{"line":111,"column":2}},"49":{"start":{"line":102,"column":4},"end":{"line":102,"column":64}},"50":{"start":{"line":104,"column":21},"end":{"line":106,"column":null}},"51":{"start":{"line":108,"column":4},"end":{"line":108,"column":54}},"52":{"start":{"line":109,"column":4},"end":{"line":109,"column":69}}},"fnMap":{"0":{"name":"(anonymous_1)","decl":{"start":{"line":10,"column":31},"end":{"line":10,"column":36}},"loc":{"start":{"line":14,"column":4},"end":{"line":18,"column":1}}},"1":{"name":"(anonymous_2)","decl":{"start":{"line":21,"column":2},"end":{"line":21,"column":7}},"loc":{"start":{"line":21,"column":60},"end":{"line":30,"column":3}}},"2":{"name":"(anonymous_3)","decl":{"start":{"line":34,"column":2},"end":{"line":34,"column":7}},"loc":{"start":{"line":34,"column":60},"end":{"line":45,"column":3}}},"3":{"name":"(anonymous_4)","decl":{"start":{"line":49,"column":2},"end":{"line":49,"column":7}},"loc":{"start":{"line":49,"column":60},"end":{"line":56,"column":3}}},"4":{"name":"(anonymous_5)","decl":{"start":{"line":60,"column":2},"end":{"line":60,"column":7}},"loc":{"start":{"line":60,"column":60},"end":{"line":65,"column":3}}},"5":{"name":"(anonymous_6)","decl":{"start":{"line":68,"column":2},"end":{"line":68,"column":7}},"loc":{"start":{"line":68,"column":60},"end":{"line":77,"column":3}}},"6":{"name":"(anonymous_7)","decl":{"start":{"line":81,"column":2},"end":{"line":81,"column":7}},"loc":{"start":{"line":81,"column":60},"end":{"line":87,"column":3}}},"7":{"name":"(anonymous_8)","decl":{"start":{"line":91,"column":2},"end":{"line":91,"column":7}},"loc":{"start":{"line":91,"column":60},"end":{"line":97,"column":3}}},"8":{"name":"(anonymous_9)","decl":{"start":{"line":101,"column":2},"end":{"line":101,"column":7}},"loc":{"start":{"line":101,"column":60},"end":{"line":110,"column":3}}}},"branchMap":{"0":{"loc":{"start":{"line":24,"column":4},"end":{"line":26,"column":62}},"type":"cond-expr","locations":[{"start":{"line":25,"column":9},"end":{"line":25,"column":61}},{"start":{"line":26,"column":9},"end":{"line":26,"column":61}}]}},"s":{"0":6,"1":6,"2":6,"3":6,"4":6,"5":6,"6":6,"7":0,"8":0,"9":0,"10":6,"11":6,"12":2,"13":2,"14":1,"15":1,"16":6,"17":2,"18":2,"19":2,"20":1,"21":1,"22":6,"23":1,"24":1,"25":1,"26":0,"27":0,"28":6,"29":1,"30":1,"31":1,"32":1,"33":6,"34":1,"35":1,"36":0,"37":0,"38":6,"39":1,"40":1,"41":1,"42":1,"43":6,"44":1,"45":1,"46":0,"47":0,"48":6,"49":0,"50":0,"51":0,"52":0},"f":{"0":0,"1":2,"2":2,"3":1,"4":1,"5":1,"6":1,"7":1,"8":0},"b":{"0":[0,2]}}
,"/Users/takiacademy/Desktop/Ostedhy/backend/src/controllers/chapter.controller.ts": {"path":"/Users/takiacademy/Desktop/Ostedhy/backend/src/controllers/chapter.controller.ts","statementMap":{"0":{"start":{"line":2,"column":0},"end":{"line":2,"column":46}},"1":{"start":{"line":3,"column":0},"end":{"line":3,"column":59}},"2":{"start":{"line":4,"column":0},"end":{"line":4,"column":61}},"3":{"start":{"line":5,"column":0},"end":{"line":5,"column":49}},"4":{"start":{"line":6,"column":0},"end":{"line":6,"column":38}},"5":{"start":{"line":8,"column":18},"end":{"line":8,"column":38}},"6":{"start":{"line":10,"column":13},"end":{"line":17,"column":2}},"7":{"start":{"line":12,"column":4},"end":{"line":12,"column":64}},"8":{"start":{"line":13,"column":24},"end":{"line":13,"column":53}},"9":{"start":{"line":14,"column":4},"end":{"line":14,"column":57}},"10":{"start":{"line":15,"column":4},"end":{"line":15,"column":69}},"11":{"start":{"line":19,"column":13},"end":{"line":26,"column":2}},"12":{"start":{"line":21,"column":4},"end":{"line":21,"column":63}},"13":{"start":{"line":22,"column":23},"end":{"line":22,"column":67}},"14":{"start":{"line":23,"column":4},"end":{"line":23,"column":56}},"15":{"start":{"line":24,"column":4},"end":{"line":24,"column":68}},"16":{"start":{"line":28,"column":13},"end":{"line":36,"column":2}},"17":{"start":{"line":30,"column":4},"end":{"line":30,"column":66}},"18":{"start":{"line":32,"column":23},"end":{"line":32,"column":70}},"19":{"start":{"line":33,"column":4},"end":{"line":33,"column":56}},"20":{"start":{"line":34,"column":4},"end":{"line":34,"column":71}},"21":{"start":{"line":38,"column":13},"end":{"line":50,"column":2}},"22":{"start":{"line":40,"column":4},"end":{"line":40,"column":66}},"23":{"start":{"line":42,"column":23},"end":{"line":45,"column":null}},"24":{"start":{"line":47,"column":4},"end":{"line":47,"column":56}},"25":{"start":{"line":48,"column":4},"end":{"line":48,"column":71}},"26":{"start":{"line":51,"column":13},"end":{"line":59,"column":2}},"27":{"start":{"line":53,"column":4},"end":{"line":53,"column":66}},"28":{"start":{"line":55,"column":23},"end":{"line":55,"column":65}},"29":{"start":{"line":56,"column":4},"end":{"line":56,"column":56}},"30":{"start":{"line":57,"column":4},"end":{"line":57,"column":71}},"31":{"start":{"line":61,"column":13},"end":{"line":69,"column":2}},"32":{"start":{"line":63,"column":4},"end":{"line":63,"column":57}},"33":{"start":{"line":65,"column":23},"end":{"line":65,"column":66}},"34":{"start":{"line":66,"column":4},"end":{"line":66,"column":56}},"35":{"start":{"line":67,"column":4},"end":{"line":67,"column":62}},"36":{"start":{"line":71,"column":13},"end":{"line":79,"column":2}},"37":{"start":{"line":73,"column":4},"end":{"line":73,"column":60}},"38":{"start":{"line":75,"column":23},"end":{"line":75,"column":69}},"39":{"start":{"line":76,"column":4},"end":{"line":76,"column":56}},"40":{"start":{"line":77,"column":4},"end":{"line":77,"column":65}}},"fnMap":{"0":{"name":"(anonymous_1)","decl":{"start":{"line":11,"column":2},"end":{"line":11,"column":7}},"loc":{"start":{"line":11,"column":60},"end":{"line":16,"column":3}}},"1":{"name":"(anonymous_2)","decl":{"start":{"line":20,"column":2},"end":{"line":20,"column":7}},"loc":{"start":{"line":20,"column":60},"end":{"line":25,"column":3}}},"2":{"name":"(anonymous_3)","decl":{"start":{"line":29,"column":2},"end":{"line":29,"column":7}},"loc":{"start":{"line":29,"column":60},"end":{"line":35,"column":3}}},"3":{"name":"(anonymous_4)","decl":{"start":{"line":39,"column":2},"end":{"line":39,"column":7}},"loc":{"start":{"line":39,"column":60},"end":{"line":49,"column":3}}},"4":{"name":"(anonymous_5)","decl":{"start":{"line":52,"column":2},"end":{"line":52,"column":7}},"loc":{"start":{"line":52,"column":60},"end":{"line":58,"column":3}}},"5":{"name":"(anonymous_6)","decl":{"start":{"line":62,"column":2},"end":{"line":62,"column":7}},"loc":{"start":{"line":62,"column":60},"end":{"line":68,"column":3}}},"6":{"name":"(anonymous_7)","decl":{"start":{"line":72,"column":2},"end":{"line":72,"column":7}},"loc":{"start":{"line":72,"column":60},"end":{"line":78,"column":3}}}},"branchMap":{},"s":{"0":6,"1":6,"2":6,"3":6,"4":6,"5":6,"6":6,"7":1,"8":1,"9":1,"10":1,"11":6,"12":1,"13":1,"14":1,"15":1,"16":6,"17":1,"18":1,"19":1,"20":1,"21":6,"22":1,"23":1,"24":1,"25":1,"26":6,"27":1,"28":1,"29":1,"30":1,"31":6,"32":1,"33":1,"34":1,"35":1,"36":6,"37":1,"38":1,"39":1,"40":1},"f":{"0":1,"1":1,"2":1,"3":1,"4":1,"5":1,"6":1},"b":{}}
,"/Users/takiacademy/Desktop/Ostedhy/backend/src/controllers/class.controller.ts": {"path":"/Users/takiacademy/Desktop/Ostedhy/backend/src/controllers/class.controller.ts","statementMap":{"0":{"start":{"line":2,"column":0},"end":{"line":2,"column":46}},"1":{"start":{"line":3,"column":0},"end":{"line":3,"column":55}},"2":{"start":{"line":4,"column":0},"end":{"line":4,"column":49}},"3":{"start":{"line":5,"column":0},"end":{"line":5,"column":38}},"4":{"start":{"line":7,"column":18},"end":{"line":7,"column":36}},"5":{"start":{"line":9,"column":13},"end":{"line":16,"column":2}},"6":{"start":{"line":11,"column":4},"end":{"line":11,"column":63}},"7":{"start":{"line":12,"column":23},"end":{"line":12,"column":50}},"8":{"start":{"line":13,"column":4},"end":{"line":13,"column":56}},"9":{"start":{"line":14,"column":4},"end":{"line":14,"column":68}},"10":{"start":{"line":18,"column":13},"end":{"line":26,"column":2}},"11":{"start":{"line":20,"column":4},"end":{"line":20,"column":61}},"12":{"start":{"line":22,"column":21},"end":{"line":22,"column":63}},"13":{"start":{"line":23,"column":4},"end":{"line":23,"column":54}},"14":{"start":{"line":24,"column":4},"end":{"line":24,"column":66}},"15":{"start":{"line":28,"column":13},"end":{"line":36,"column":2}},"16":{"start":{"line":30,"column":4},"end":{"line":30,"column":64}},"17":{"start":{"line":32,"column":21},"end":{"line":32,"column":66}},"18":{"start":{"line":33,"column":4},"end":{"line":33,"column":54}},"19":{"start":{"line":34,"column":4},"end":{"line":34,"column":69}},"20":{"start":{"line":38,"column":13},"end":{"line":46,"column":2}},"21":{"start":{"line":40,"column":4},"end":{"line":40,"column":64}},"22":{"start":{"line":42,"column":21},"end":{"line":42,"column":76}},"23":{"start":{"line":43,"column":4},"end":{"line":43,"column":54}},"24":{"start":{"line":44,"column":4},"end":{"line":44,"column":69}},"25":{"start":{"line":47,"column":13},"end":{"line":55,"column":2}},"26":{"start":{"line":49,"column":4},"end":{"line":49,"column":64}},"27":{"start":{"line":51,"column":21},"end":{"line":51,"column":61}},"28":{"start":{"line":52,"column":4},"end":{"line":52,"column":54}},"29":{"start":{"line":53,"column":4},"end":{"line":53,"column":69}}},"fnMap":{"0":{"name":"(anonymous_1)","decl":{"start":{"line":10,"column":2},"end":{"line":10,"column":7}},"loc":{"start":{"line":10,"column":60},"end":{"line":15,"column":3}}},"1":{"name":"(anonymous_2)","decl":{"start":{"line":19,"column":2},"end":{"line":19,"column":7}},"loc":{"start":{"line":19,"column":60},"end":{"line":25,"column":3}}},"2":{"name":"(anonymous_3)","decl":{"start":{"line":29,"column":2},"end":{"line":29,"column":7}},"loc":{"start":{"line":29,"column":60},"end":{"line":35,"column":3}}},"3":{"name":"(anonymous_4)","decl":{"start":{"line":39,"column":2},"end":{"line":39,"column":7}},"loc":{"start":{"line":39,"column":60},"end":{"line":45,"column":3}}},"4":{"name":"(anonymous_5)","decl":{"start":{"line":48,"column":2},"end":{"line":48,"column":7}},"loc":{"start":{"line":48,"column":60},"end":{"line":54,"column":3}}}},"branchMap":{},"s":{"0":6,"1":6,"2":6,"3":6,"4":6,"5":6,"6":1,"7":1,"8":1,"9":1,"10":6,"11":1,"12":1,"13":1,"14":1,"15":6,"16":1,"17":1,"18":1,"19":1,"20":6,"21":1,"22":1,"23":1,"24":1,"25":6,"26":1,"27":1,"28":1,"29":1},"f":{"0":1,"1":1,"2":1,"3":1,"4":1},"b":{}}
,"/Users/takiacademy/Desktop/Ostedhy/backend/src/controllers/governement.controller.ts": {"path":"/Users/takiacademy/Desktop/Ostedhy/backend/src/controllers/governement.controller.ts","statementMap":{"0":{"start":{"line":2,"column":0},"end":{"line":2,"column":46}},"1":{"start":{"line":3,"column":0},"end":{"line":3,"column":67}},"2":{"start":{"line":4,"column":0},"end":{"line":4,"column":49}},"3":{"start":{"line":5,"column":0},"end":{"line":5,"column":38}},"4":{"start":{"line":7,"column":18},"end":{"line":7,"column":42}},"5":{"start":{"line":9,"column":13},"end":{"line":17,"column":2}},"6":{"start":{"line":11,"column":4},"end":{"line":11,"column":68}},"7":{"start":{"line":13,"column":28},"end":{"line":13,"column":61}},"8":{"start":{"line":14,"column":4},"end":{"line":14,"column":61}},"9":{"start":{"line":15,"column":4},"end":{"line":15,"column":73}},"10":{"start":{"line":19,"column":13},"end":{"line":27,"column":2}},"11":{"start":{"line":21,"column":4},"end":{"line":21,"column":67}},"12":{"start":{"line":23,"column":27},"end":{"line":23,"column":75}},"13":{"start":{"line":24,"column":4},"end":{"line":24,"column":60}},"14":{"start":{"line":25,"column":4},"end":{"line":25,"column":72}},"15":{"start":{"line":29,"column":13},"end":{"line":37,"column":2}},"16":{"start":{"line":31,"column":4},"end":{"line":31,"column":70}},"17":{"start":{"line":33,"column":27},"end":{"line":33,"column":78}},"18":{"start":{"line":34,"column":4},"end":{"line":34,"column":60}},"19":{"start":{"line":35,"column":4},"end":{"line":35,"column":75}},"20":{"start":{"line":39,"column":13},"end":{"line":51,"column":2}},"21":{"start":{"line":41,"column":4},"end":{"line":41,"column":70}},"22":{"start":{"line":43,"column":27},"end":{"line":46,"column":null}},"23":{"start":{"line":48,"column":4},"end":{"line":48,"column":60}},"24":{"start":{"line":49,"column":4},"end":{"line":49,"column":75}},"25":{"start":{"line":52,"column":13},"end":{"line":60,"column":2}},"26":{"start":{"line":54,"column":4},"end":{"line":54,"column":70}},"27":{"start":{"line":56,"column":27},"end":{"line":56,"column":73}},"28":{"start":{"line":57,"column":4},"end":{"line":57,"column":60}},"29":{"start":{"line":58,"column":4},"end":{"line":58,"column":75}}},"fnMap":{"0":{"name":"(anonymous_1)","decl":{"start":{"line":10,"column":2},"end":{"line":10,"column":7}},"loc":{"start":{"line":10,"column":60},"end":{"line":16,"column":3}}},"1":{"name":"(anonymous_2)","decl":{"start":{"line":20,"column":2},"end":{"line":20,"column":7}},"loc":{"start":{"line":20,"column":60},"end":{"line":26,"column":3}}},"2":{"name":"(anonymous_3)","decl":{"start":{"line":30,"column":2},"end":{"line":30,"column":7}},"loc":{"start":{"line":30,"column":60},"end":{"line":36,"column":3}}},"3":{"name":"(anonymous_4)","decl":{"start":{"line":40,"column":2},"end":{"line":40,"column":7}},"loc":{"start":{"line":40,"column":60},"end":{"line":50,"column":3}}},"4":{"name":"(anonymous_5)","decl":{"start":{"line":53,"column":2},"end":{"line":53,"column":7}},"loc":{"start":{"line":53,"column":60},"end":{"line":59,"column":3}}}},"branchMap":{},"s":{"0":6,"1":6,"2":6,"3":6,"4":6,"5":6,"6":1,"7":1,"8":1,"9":1,"10":6,"11":1,"12":1,"13":1,"14":1,"15":6,"16":1,"17":1,"18":1,"19":1,"20":6,"21":1,"22":1,"23":1,"24":1,"25":6,"26":1,"27":1,"28":1,"29":1},"f":{"0":1,"1":1,"2":1,"3":1,"4":1},"b":{}}
,"/Users/takiacademy/Desktop/Ostedhy/backend/src/controllers/student.controller.ts": {"path":"/Users/takiacademy/Desktop/Ostedhy/backend/src/controllers/student.controller.ts","statementMap":{"0":{"start":{"line":1,"column":0},"end":{"line":1,"column":62}},"1":{"start":{"line":2,"column":0},"end":{"line":2,"column":49}},"2":{"start":{"line":4,"column":0},"end":{"line":4,"column":38}},"3":{"start":{"line":6,"column":18},"end":{"line":6,"column":38}},"4":{"start":{"line":8,"column":13},"end":{"line":20,"column":2}},"5":{"start":{"line":10,"column":4},"end":{"line":10,"column":63}},"6":{"start":{"line":12,"column":24},"end":{"line":14,"column":null}},"7":{"start":{"line":16,"column":4},"end":{"line":16,"column":57}},"8":{"start":{"line":18,"column":4},"end":{"line":18,"column":68}},"9":{"start":{"line":22,"column":13},"end":{"line":31,"column":2}},"10":{"start":{"line":24,"column":4},"end":{"line":24,"column":68}},"11":{"start":{"line":26,"column":22},"end":{"line":26,"column":70}},"12":{"start":{"line":27,"column":4},"end":{"line":27,"column":55}},"13":{"start":{"line":29,"column":4},"end":{"line":29,"column":73}},"14":{"start":{"line":32,"column":13},"end":{"line":41,"column":2}},"15":{"start":{"line":34,"column":4},"end":{"line":34,"column":68}},"16":{"start":{"line":36,"column":22},"end":{"line":36,"column":70}},"17":{"start":{"line":37,"column":4},"end":{"line":37,"column":55}},"18":{"start":{"line":39,"column":4},"end":{"line":39,"column":73}},"19":{"start":{"line":43,"column":13},"end":{"line":50,"column":2}},"20":{"start":{"line":45,"column":4},"end":{"line":45,"column":62}},"21":{"start":{"line":46,"column":19},"end":{"line":46,"column":71}},"22":{"start":{"line":47,"column":4},"end":{"line":47,"column":52}},"23":{"start":{"line":48,"column":4},"end":{"line":48,"column":68}},"24":{"start":{"line":52,"column":13},"end":{"line":61,"column":2}},"25":{"start":{"line":54,"column":4},"end":{"line":54,"column":68}},"26":{"start":{"line":56,"column":20},"end":{"line":56,"column":73}},"27":{"start":{"line":57,"column":4},"end":{"line":57,"column":63}},"28":{"start":{"line":59,"column":4},"end":{"line":59,"column":73}}},"fnMap":{"0":{"name":"(anonymous_1)","decl":{"start":{"line":9,"column":2},"end":{"line":9,"column":7}},"loc":{"start":{"line":9,"column":60},"end":{"line":19,"column":3}}},"1":{"name":"(anonymous_2)","decl":{"start":{"line":23,"column":2},"end":{"line":23,"column":7}},"loc":{"start":{"line":23,"column":60},"end":{"line":30,"column":3}}},"2":{"name":"(anonymous_3)","decl":{"start":{"line":33,"column":2},"end":{"line":33,"column":7}},"loc":{"start":{"line":33,"column":60},"end":{"line":40,"column":3}}},"3":{"name":"(anonymous_4)","decl":{"start":{"line":44,"column":2},"end":{"line":44,"column":7}},"loc":{"start":{"line":44,"column":40},"end":{"line":49,"column":3}}},"4":{"name":"(anonymous_5)","decl":{"start":{"line":53,"column":2},"end":{"line":53,"column":7}},"loc":{"start":{"line":53,"column":60},"end":{"line":60,"column":3}}}},"branchMap":{},"s":{"0":6,"1":6,"2":6,"3":6,"4":6,"5":1,"6":1,"7":0,"8":0,"9":6,"10":1,"11":1,"12":1,"13":1,"14":6,"15":1,"16":1,"17":1,"18":1,"19":6,"20":0,"21":0,"22":0,"23":0,"24":6,"25":0,"26":0,"27":0,"28":0},"f":{"0":1,"1":1,"2":1,"3":0,"4":0},"b":{}}
,"/Users/takiacademy/Desktop/Ostedhy/backend/src/controllers/subject.controller.ts": {"path":"/Users/takiacademy/Desktop/Ostedhy/backend/src/controllers/subject.controller.ts","statementMap":{"0":{"start":{"line":3,"column":0},"end":{"line":3,"column":61}},"1":{"start":{"line":5,"column":0},"end":{"line":5,"column":46}},"2":{"start":{"line":6,"column":0},"end":{"line":6,"column":49}},"3":{"start":{"line":7,"column":0},"end":{"line":7,"column":38}},"4":{"start":{"line":9,"column":18},"end":{"line":9,"column":38}},"5":{"start":{"line":11,"column":13},"end":{"line":19,"column":2}},"6":{"start":{"line":13,"column":4},"end":{"line":13,"column":64}},"7":{"start":{"line":15,"column":24},"end":{"line":15,"column":62}},"8":{"start":{"line":16,"column":4},"end":{"line":16,"column":57}},"9":{"start":{"line":17,"column":4},"end":{"line":17,"column":69}},"10":{"start":{"line":21,"column":13},"end":{"line":29,"column":2}},"11":{"start":{"line":23,"column":4},"end":{"line":23,"column":63}},"12":{"start":{"line":25,"column":23},"end":{"line":25,"column":76}},"13":{"start":{"line":26,"column":4},"end":{"line":26,"column":56}},"14":{"start":{"line":27,"column":4},"end":{"line":27,"column":68}},"15":{"start":{"line":31,"column":13},"end":{"line":39,"column":2}},"16":{"start":{"line":33,"column":4},"end":{"line":33,"column":66}},"17":{"start":{"line":35,"column":23},"end":{"line":35,"column":70}},"18":{"start":{"line":36,"column":4},"end":{"line":36,"column":56}},"19":{"start":{"line":37,"column":4},"end":{"line":37,"column":71}},"20":{"start":{"line":41,"column":13},"end":{"line":53,"column":2}},"21":{"start":{"line":43,"column":4},"end":{"line":43,"column":66}},"22":{"start":{"line":45,"column":23},"end":{"line":48,"column":null}},"23":{"start":{"line":50,"column":4},"end":{"line":50,"column":56}},"24":{"start":{"line":51,"column":4},"end":{"line":51,"column":71}},"25":{"start":{"line":54,"column":13},"end":{"line":62,"column":2}},"26":{"start":{"line":56,"column":4},"end":{"line":56,"column":66}},"27":{"start":{"line":58,"column":23},"end":{"line":58,"column":65}},"28":{"start":{"line":59,"column":4},"end":{"line":59,"column":56}},"29":{"start":{"line":60,"column":4},"end":{"line":60,"column":71}}},"fnMap":{"0":{"name":"(anonymous_1)","decl":{"start":{"line":12,"column":2},"end":{"line":12,"column":7}},"loc":{"start":{"line":12,"column":60},"end":{"line":18,"column":3}}},"1":{"name":"(anonymous_2)","decl":{"start":{"line":22,"column":2},"end":{"line":22,"column":7}},"loc":{"start":{"line":22,"column":60},"end":{"line":28,"column":3}}},"2":{"name":"(anonymous_3)","decl":{"start":{"line":32,"column":2},"end":{"line":32,"column":7}},"loc":{"start":{"line":32,"column":60},"end":{"line":38,"column":3}}},"3":{"name":"(anonymous_4)","decl":{"start":{"line":42,"column":2},"end":{"line":42,"column":7}},"loc":{"start":{"line":42,"column":60},"end":{"line":52,"column":3}}},"4":{"name":"(anonymous_5)","decl":{"start":{"line":55,"column":2},"end":{"line":55,"column":7}},"loc":{"start":{"line":55,"column":60},"end":{"line":61,"column":3}}}},"branchMap":{},"s":{"0":6,"1":6,"2":6,"3":6,"4":6,"5":6,"6":1,"7":1,"8":1,"9":1,"10":6,"11":1,"12":1,"13":1,"14":1,"15":6,"16":1,"17":1,"18":1,"19":1,"20":6,"21":1,"22":1,"23":1,"24":1,"25":6,"26":1,"27":1,"28":1,"29":1},"f":{"0":1,"1":1,"2":1,"3":1,"4":1},"b":{}}
,"/Users/takiacademy/Desktop/Ostedhy/backend/src/database/models/Teacher.model.ts": {"path":"/Users/takiacademy/Desktop/Ostedhy/backend/src/database/models/Teacher.model.ts","statementMap":{"0":{"start":{"line":1,"column":0},"end":{"line":1,"column":50}},"1":{"start":{"line":2,"column":0},"end":{"line":2,"column":42}},"2":{"start":{"line":3,"column":0},"end":{"line":3,"column":null}},"3":{"start":{"line":14,"column":0},"end":{"line":14,"column":38}},"4":{"start":{"line":20,"column":7},"end":{"line":88,"column":null}},"5":{"start":{"line":21,"column":2},"end":{"line":25,"column":null}},"6":{"start":{"line":26,"column":2},"end":{"line":30,"column":null}},"7":{"start":{"line":31,"column":2},"end":{"line":35,"column":null}},"8":{"start":{"line":36,"column":2},"end":{"line":40,"column":null}},"9":{"start":{"line":41,"column":2},"end":{"line":45,"column":null}},"10":{"start":{"line":47,"column":2},"end":{"line":51,"column":null}},"11":{"start":{"line":53,"column":2},"end":{"line":58,"column":null}},"12":{"start":{"line":60,"column":2},"end":{"line":64,"column":null}},"13":{"start":{"line":66,"column":2},"end":{"line":70,"column":null}},"14":{"start":{"line":76,"column":2},"end":{"line":77,"column":null}},"15":{"start":{"line":76,"column":17},"end":{"line":76,"column":24}},"16":{"start":{"line":79,"column":2},"end":{"line":80,"column":null}},"17":{"start":{"line":79,"column":17},"end":{"line":79,"column":22}},"18":{"start":{"line":82,"column":2},"end":{"line":84,"column":null}},"19":{"start":{"line":82,"column":20},"end":{"line":82,"column":31}},"20":{"start":{"line":86,"column":2},"end":{"line":87,"column":null}},"21":{"start":{"line":86,"column":19},"end":{"line":86,"column":30}},"22":{"start":{"line":20,"column":13},"end":{"line":88,"column":null}},"23":{"start":{"line":20,"column":13},"end":{"line":20,"column":20}}},"fnMap":{"0":{"name":"(anonymous_2)","decl":{"start":{"line":76,"column":11},"end":{"line":76,"column":14}},"loc":{"start":{"line":76,"column":17},"end":{"line":76,"column":24}}},"1":{"name":"(anonymous_3)","decl":{"start":{"line":79,"column":11},"end":{"line":79,"column":14}},"loc":{"start":{"line":79,"column":17},"end":{"line":79,"column":22}}},"2":{"name":"(anonymous_4)","decl":{"start":{"line":82,"column":14},"end":{"line":82,"column":17}},"loc":{"start":{"line":82,"column":20},"end":{"line":82,"column":31}}},"3":{"name":"(anonymous_5)","decl":{"start":{"line":86,"column":13},"end":{"line":86,"column":16}},"loc":{"start":{"line":86,"column":19},"end":{"line":86,"column":30}}}},"branchMap":{},"s":{"0":8,"1":8,"2":8,"3":8,"4":8,"5":8,"6":8,"7":8,"8":8,"9":8,"10":8,"11":8,"12":8,"13":8,"14":8,"15":16,"16":8,"17":16,"18":8,"19":16,"20":8,"21":16,"22":8,"23":8},"f":{"0":16,"1":16,"2":16,"3":16},"b":{}}
,"/Users/takiacademy/Desktop/Ostedhy/backend/src/database/models/chapter.model.ts": {"path":"/Users/takiacademy/Desktop/Ostedhy/backend/src/database/models/chapter.model.ts","statementMap":{"0":{"start":{"line":1,"column":0},"end":{"line":1,"column":43}},"1":{"start":{"line":2,"column":0},"end":{"line":2,"column":42}},"2":{"start":{"line":3,"column":0},"end":{"line":3,"column":null}},"3":{"start":{"line":12,"column":0},"end":{"line":12,"column":56}},"4":{"start":{"line":18,"column":7},"end":{"line":79,"column":null}},"5":{"start":{"line":19,"column":2},"end":{"line":23,"column":null}},"6":{"start":{"line":25,"column":2},"end":{"line":29,"column":null}},"7":{"start":{"line":31,"column":2},"end":{"line":35,"column":null}},"8":{"start":{"line":37,"column":2},"end":{"line":41,"column":null}},"9":{"start":{"line":43,"column":2},"end":{"line":47,"column":null}},"10":{"start":{"line":49,"column":2},"end":{"line":53,"column":null}},"11":{"start":{"line":55,"column":2},"end":{"line":59,"column":null}},"12":{"start":{"line":60,"column":2},"end":{"line":64,"column":null}},"13":{"start":{"line":70,"column":2},"end":{"line":71,"column":null}},"14":{"start":{"line":70,"column":23},"end":{"line":70,"column":30}},"15":{"start":{"line":70,"column":38},"end":{"line":70,"column":52}},"16":{"start":{"line":73,"column":2},"end":{"line":75,"column":null}},"17":{"start":{"line":73,"column":20},"end":{"line":73,"column":27}},"18":{"start":{"line":77,"column":2},"end":{"line":78,"column":null}},"19":{"start":{"line":77,"column":19},"end":{"line":77,"column":26}},"20":{"start":{"line":18,"column":13},"end":{"line":79,"column":null}},"21":{"start":{"line":18,"column":13},"end":{"line":18,"column":20}}},"fnMap":{"0":{"name":"(anonymous_2)","decl":{"start":{"line":70,"column":17},"end":{"line":70,"column":20}},"loc":{"start":{"line":70,"column":23},"end":{"line":70,"column":30}}},"1":{"name":"(anonymous_3)","decl":{"start":{"line":70,"column":32},"end":{"line":70,"column":35}},"loc":{"start":{"line":70,"column":38},"end":{"line":70,"column":52}}},"2":{"name":"(anonymous_4)","decl":{"start":{"line":73,"column":14},"end":{"line":73,"column":17}},"loc":{"start":{"line":73,"column":20},"end":{"line":73,"column":27}}},"3":{"name":"(anonymous_5)","decl":{"start":{"line":77,"column":13},"end":{"line":77,"column":16}},"loc":{"start":{"line":77,"column":19},"end":{"line":77,"column":26}}}},"branchMap":{},"s":{"0":8,"1":8,"2":8,"3":8,"4":8,"5":8,"6":8,"7":8,"8":8,"9":8,"10":8,"11":8,"12":8,"13":8,"14":16,"15":8,"16":8,"17":16,"18":8,"19":16,"20":8,"21":8},"f":{"0":16,"1":8,"2":16,"3":16},"b":{}}
,"/Users/takiacademy/Desktop/Ostedhy/backend/src/database/models/chapterStudent.model.ts": {"path":"/Users/takiacademy/Desktop/Ostedhy/backend/src/database/models/chapterStudent.model.ts","statementMap":{"0":{"start":{"line":1,"column":0},"end":{"line":1,"column":43}},"1":{"start":{"line":2,"column":0},"end":{"line":2,"column":42}},"2":{"start":{"line":3,"column":0},"end":{"line":3,"column":72}},"3":{"start":{"line":9,"column":7},"end":{"line":17,"column":null}},"4":{"start":{"line":10,"column":2},"end":{"line":12,"column":null}},"5":{"start":{"line":10,"column":20},"end":{"line":10,"column":27}},"6":{"start":{"line":14,"column":2},"end":{"line":16,"column":null}},"7":{"start":{"line":14,"column":20},"end":{"line":14,"column":27}},"8":{"start":{"line":9,"column":13},"end":{"line":17,"column":null}},"9":{"start":{"line":9,"column":13},"end":{"line":9,"column":27}}},"fnMap":{"0":{"name":"(anonymous_2)","decl":{"start":{"line":10,"column":14},"end":{"line":10,"column":17}},"loc":{"start":{"line":10,"column":20},"end":{"line":10,"column":27}}},"1":{"name":"(anonymous_3)","decl":{"start":{"line":14,"column":14},"end":{"line":14,"column":17}},"loc":{"start":{"line":14,"column":20},"end":{"line":14,"column":27}}}},"branchMap":{},"s":{"0":8,"1":8,"2":8,"3":8,"4":8,"5":48,"6":8,"7":16,"8":8,"9":8},"f":{"0":48,"1":16},"b":{}}
,"/Users/takiacademy/Desktop/Ostedhy/backend/src/database/models/class.model.ts": {"path":"/Users/takiacademy/Desktop/Ostedhy/backend/src/database/models/class.model.ts","statementMap":{"0":{"start":{"line":1,"column":0},"end":{"line":1,"column":42}},"1":{"start":{"line":2,"column":0},"end":{"line":2,"column":null}},"2":{"start":{"line":11,"column":0},"end":{"line":11,"column":42}},"3":{"start":{"line":12,"column":0},"end":{"line":12,"column":43}},"4":{"start":{"line":18,"column":7},"end":{"line":38,"column":null}},"5":{"start":{"line":19,"column":2},"end":{"line":23,"column":null}},"6":{"start":{"line":28,"column":2},"end":{"line":30,"column":null}},"7":{"start":{"line":28,"column":20},"end":{"line":28,"column":27}},"8":{"start":{"line":31,"column":2},"end":{"line":32,"column":null}},"9":{"start":{"line":31,"column":19},"end":{"line":31,"column":26}},"10":{"start":{"line":34,"column":2},"end":{"line":35,"column":null}},"11":{"start":{"line":34,"column":17},"end":{"line":34,"column":24}},"12":{"start":{"line":36,"column":2},"end":{"line":37,"column":null}},"13":{"start":{"line":36,"column":17},"end":{"line":36,"column":24}},"14":{"start":{"line":18,"column":13},"end":{"line":38,"column":null}},"15":{"start":{"line":18,"column":13},"end":{"line":18,"column":18}}},"fnMap":{"0":{"name":"(anonymous_2)","decl":{"start":{"line":28,"column":14},"end":{"line":28,"column":17}},"loc":{"start":{"line":28,"column":20},"end":{"line":28,"column":27}}},"1":{"name":"(anonymous_3)","decl":{"start":{"line":31,"column":13},"end":{"line":31,"column":16}},"loc":{"start":{"line":31,"column":19},"end":{"line":31,"column":26}}},"2":{"name":"(anonymous_4)","decl":{"start":{"line":34,"column":11},"end":{"line":34,"column":14}},"loc":{"start":{"line":34,"column":17},"end":{"line":34,"column":24}}},"3":{"name":"(anonymous_5)","decl":{"start":{"line":36,"column":11},"end":{"line":36,"column":14}},"loc":{"start":{"line":36,"column":17},"end":{"line":36,"column":24}}}},"branchMap":{},"s":{"0":8,"1":8,"2":8,"3":8,"4":8,"5":8,"6":8,"7":16,"8":8,"9":16,"10":8,"11":16,"12":8,"13":16,"14":8,"15":8},"f":{"0":16,"1":16,"2":16,"3":16},"b":{}}
,"/Users/takiacademy/Desktop/Ostedhy/backend/src/database/models/governement.model.ts": {"path":"/Users/takiacademy/Desktop/Ostedhy/backend/src/database/models/governement.model.ts","statementMap":{"0":{"start":{"line":1,"column":0},"end":{"line":1,"column":43}},"1":{"start":{"line":2,"column":0},"end":{"line":2,"column":42}},"2":{"start":{"line":3,"column":0},"end":{"line":3,"column":null}},"3":{"start":{"line":17,"column":7},"end":{"line":34,"column":null}},"4":{"start":{"line":18,"column":2},"end":{"line":23,"column":null}},"5":{"start":{"line":29,"column":2},"end":{"line":30,"column":null}},"6":{"start":{"line":29,"column":17},"end":{"line":29,"column":24}},"7":{"start":{"line":32,"column":2},"end":{"line":33,"column":null}},"8":{"start":{"line":32,"column":17},"end":{"line":32,"column":24}},"9":{"start":{"line":17,"column":13},"end":{"line":34,"column":null}},"10":{"start":{"line":17,"column":13},"end":{"line":17,"column":24}}},"fnMap":{"0":{"name":"(anonymous_2)","decl":{"start":{"line":29,"column":11},"end":{"line":29,"column":14}},"loc":{"start":{"line":29,"column":17},"end":{"line":29,"column":24}}},"1":{"name":"(anonymous_3)","decl":{"start":{"line":32,"column":11},"end":{"line":32,"column":14}},"loc":{"start":{"line":32,"column":17},"end":{"line":32,"column":24}}}},"branchMap":{},"s":{"0":8,"1":8,"2":8,"3":8,"4":8,"5":8,"6":16,"7":8,"8":16,"9":8,"10":8},"f":{"0":16,"1":16},"b":{}}
,"/Users/takiacademy/Desktop/Ostedhy/backend/src/database/models/refreshToken.model.ts": {"path":"/Users/takiacademy/Desktop/Ostedhy/backend/src/database/models/refreshToken.model.ts","statementMap":{"0":{"start":{"line":1,"column":0},"end":{"line":1,"column":70}},"1":{"start":{"line":7,"column":7},"end":{"line":23,"column":null}},"2":{"start":{"line":8,"column":2},"end":{"line":12,"column":null}},"3":{"start":{"line":13,"column":2},"end":{"line":17,"column":null}},"4":{"start":{"line":18,"column":2},"end":{"line":22,"column":null}},"5":{"start":{"line":7,"column":13},"end":{"line":23,"column":null}},"6":{"start":{"line":7,"column":13},"end":{"line":7,"column":25}}},"fnMap":{},"branchMap":{},"s":{"0":8,"1":8,"2":8,"3":8,"4":8,"5":8,"6":8},"f":{},"b":{}}
,"/Users/takiacademy/Desktop/Ostedhy/backend/src/database/models/students.model.ts": {"path":"/Users/takiacademy/Desktop/Ostedhy/backend/src/database/models/students.model.ts","statementMap":{"0":{"start":{"line":1,"column":0},"end":{"line":1,"column":42}},"1":{"start":{"line":2,"column":0},"end":{"line":2,"column":50}},"2":{"start":{"line":3,"column":0},"end":{"line":3,"column":42}},"3":{"start":{"line":4,"column":0},"end":{"line":4,"column":null}},"4":{"start":{"line":17,"column":0},"end":{"line":17,"column":38}},"5":{"start":{"line":18,"column":0},"end":{"line":18,"column":50}},"6":{"start":{"line":19,"column":0},"end":{"line":19,"column":56}},"7":{"start":{"line":30,"column":7},"end":{"line":109,"column":null}},"8":{"start":{"line":31,"column":2},"end":{"line":35,"column":null}},"9":{"start":{"line":36,"column":2},"end":{"line":40,"column":null}},"10":{"start":{"line":41,"column":2},"end":{"line":45,"column":null}},"11":{"start":{"line":46,"column":2},"end":{"line":50,"column":null}},"12":{"start":{"line":52,"column":2},"end":{"line":56,"column":null}},"13":{"start":{"line":58,"column":2},"end":{"line":63,"column":null}},"14":{"start":{"line":65,"column":2},"end":{"line":69,"column":null}},"15":{"start":{"line":70,"column":2},"end":{"line":74,"column":null}},"16":{"start":{"line":76,"column":2},"end":{"line":79,"column":null}},"17":{"start":{"line":81,"column":2},"end":{"line":84,"column":null}},"18":{"start":{"line":90,"column":2},"end":{"line":91,"column":null}},"19":{"start":{"line":90,"column":23},"end":{"line":90,"column":30}},"20":{"start":{"line":90,"column":38},"end":{"line":90,"column":52}},"21":{"start":{"line":93,"column":2},"end":{"line":94,"column":null}},"22":{"start":{"line":93,"column":23},"end":{"line":93,"column":30}},"23":{"start":{"line":93,"column":38},"end":{"line":93,"column":52}},"24":{"start":{"line":96,"column":2},"end":{"line":98,"column":null}},"25":{"start":{"line":96,"column":20},"end":{"line":96,"column":31}},"26":{"start":{"line":100,"column":2},"end":{"line":101,"column":null}},"27":{"start":{"line":100,"column":19},"end":{"line":100,"column":30}},"28":{"start":{"line":103,"column":2},"end":{"line":105,"column":null}},"29":{"start":{"line":103,"column":20},"end":{"line":103,"column":25}},"30":{"start":{"line":107,"column":2},"end":{"line":108,"column":null}},"31":{"start":{"line":107,"column":19},"end":{"line":107,"column":24}},"32":{"start":{"line":30,"column":13},"end":{"line":109,"column":null}},"33":{"start":{"line":21,"column":15},"end":{"line":25,"column":2}},"34":{"start":{"line":30,"column":13},"end":{"line":30,"column":20}}},"fnMap":{"0":{"name":"(anonymous_2)","decl":{"start":{"line":90,"column":17},"end":{"line":90,"column":20}},"loc":{"start":{"line":90,"column":23},"end":{"line":90,"column":30}}},"1":{"name":"(anonymous_3)","decl":{"start":{"line":90,"column":32},"end":{"line":90,"column":35}},"loc":{"start":{"line":90,"column":38},"end":{"line":90,"column":52}}},"2":{"name":"(anonymous_4)","decl":{"start":{"line":93,"column":17},"end":{"line":93,"column":20}},"loc":{"start":{"line":93,"column":23},"end":{"line":93,"column":30}}},"3":{"name":"(anonymous_5)","decl":{"start":{"line":93,"column":32},"end":{"line":93,"column":35}},"loc":{"start":{"line":93,"column":38},"end":{"line":93,"column":52}}},"4":{"name":"(anonymous_6)","decl":{"start":{"line":96,"column":14},"end":{"line":96,"column":17}},"loc":{"start":{"line":96,"column":20},"end":{"line":96,"column":31}}},"5":{"name":"(anonymous_7)","decl":{"start":{"line":100,"column":13},"end":{"line":100,"column":16}},"loc":{"start":{"line":100,"column":19},"end":{"line":100,"column":30}}},"6":{"name":"(anonymous_8)","decl":{"start":{"line":103,"column":14},"end":{"line":103,"column":17}},"loc":{"start":{"line":103,"column":20},"end":{"line":103,"column":25}}},"7":{"name":"(anonymous_9)","decl":{"start":{"line":107,"column":13},"end":{"line":107,"column":16}},"loc":{"start":{"line":107,"column":19},"end":{"line":107,"column":24}}},"8":{"name":"(anonymous_10)","decl":{"start":{"line":21,"column":8},"end":{"line":21,"column":11}},"loc":{"start":{"line":21,"column":15},"end":{"line":25,"column":2}}}},"branchMap":{},"s":{"0":8,"1":8,"2":8,"3":8,"4":8,"5":8,"6":8,"7":8,"8":8,"9":8,"10":8,"11":8,"12":8,"13":8,"14":8,"15":8,"16":8,"17":8,"18":8,"19":16,"20":8,"21":8,"22":16,"23":8,"24":8,"25":48,"26":8,"27":16,"28":8,"29":16,"30":8,"31":16,"32":8,"33":8,"34":8},"f":{"0":16,"1":8,"2":16,"3":8,"4":48,"5":16,"6":16,"7":16,"8":8},"b":{}}
,"/Users/takiacademy/Desktop/Ostedhy/backend/src/database/models/subject.model.ts": {"path":"/Users/takiacademy/Desktop/Ostedhy/backend/src/database/models/subject.model.ts","statementMap":{"0":{"start":{"line":1,"column":0},"end":{"line":1,"column":42}},"1":{"start":{"line":2,"column":0},"end":{"line":2,"column":38}},"2":{"start":{"line":3,"column":0},"end":{"line":3,"column":42}},"3":{"start":{"line":4,"column":0},"end":{"line":4,"column":null}},"4":{"start":{"line":14,"column":0},"end":{"line":14,"column":43}},"5":{"start":{"line":15,"column":0},"end":{"line":15,"column":50}},"6":{"start":{"line":21,"column":7},"end":{"line":67,"column":null}},"7":{"start":{"line":22,"column":2},"end":{"line":26,"column":null}},"8":{"start":{"line":28,"column":2},"end":{"line":32,"column":null}},"9":{"start":{"line":33,"column":2},"end":{"line":37,"column":null}},"10":{"start":{"line":38,"column":2},"end":{"line":42,"column":null}},"11":{"start":{"line":48,"column":2},"end":{"line":49,"column":null}},"12":{"start":{"line":48,"column":23},"end":{"line":48,"column":30}},"13":{"start":{"line":48,"column":38},"end":{"line":48,"column":52}},"14":{"start":{"line":51,"column":2},"end":{"line":52,"column":null}},"15":{"start":{"line":51,"column":17},"end":{"line":51,"column":24}},"16":{"start":{"line":54,"column":2},"end":{"line":56,"column":null}},"17":{"start":{"line":54,"column":20},"end":{"line":54,"column":25}},"18":{"start":{"line":58,"column":2},"end":{"line":59,"column":null}},"19":{"start":{"line":58,"column":19},"end":{"line":58,"column":24}},"20":{"start":{"line":61,"column":2},"end":{"line":63,"column":null}},"21":{"start":{"line":61,"column":20},"end":{"line":61,"column":27}},"22":{"start":{"line":65,"column":2},"end":{"line":66,"column":null}},"23":{"start":{"line":65,"column":19},"end":{"line":65,"column":26}},"24":{"start":{"line":21,"column":13},"end":{"line":67,"column":null}},"25":{"start":{"line":21,"column":13},"end":{"line":21,"column":20}}},"fnMap":{"0":{"name":"(anonymous_2)","decl":{"start":{"line":48,"column":17},"end":{"line":48,"column":20}},"loc":{"start":{"line":48,"column":23},"end":{"line":48,"column":30}}},"1":{"name":"(anonymous_3)","decl":{"start":{"line":48,"column":32},"end":{"line":48,"column":35}},"loc":{"start":{"line":48,"column":38},"end":{"line":48,"column":52}}},"2":{"name":"(anonymous_4)","decl":{"start":{"line":51,"column":11},"end":{"line":51,"column":14}},"loc":{"start":{"line":51,"column":17},"end":{"line":51,"column":24}}},"3":{"name":"(anonymous_5)","decl":{"start":{"line":54,"column":14},"end":{"line":54,"column":17}},"loc":{"start":{"line":54,"column":20},"end":{"line":54,"column":25}}},"4":{"name":"(anonymous_6)","decl":{"start":{"line":58,"column":13},"end":{"line":58,"column":16}},"loc":{"start":{"line":58,"column":19},"end":{"line":58,"column":24}}},"5":{"name":"(anonymous_7)","decl":{"start":{"line":61,"column":14},"end":{"line":61,"column":17}},"loc":{"start":{"line":61,"column":20},"end":{"line":61,"column":27}}},"6":{"name":"(anonymous_8)","decl":{"start":{"line":65,"column":13},"end":{"line":65,"column":16}},"loc":{"start":{"line":65,"column":19},"end":{"line":65,"column":26}}}},"branchMap":{},"s":{"0":8,"1":8,"2":8,"3":8,"4":8,"5":8,"6":8,"7":8,"8":8,"9":8,"10":8,"11":8,"12":17,"13":8,"14":8,"15":17,"16":8,"17":48,"18":8,"19":17,"20":8,"21":16,"22":8,"23":17,"24":8,"25":8},"f":{"0":17,"1":8,"2":17,"3":48,"4":17,"5":16,"6":17},"b":{}}
,"/Users/takiacademy/Desktop/Ostedhy/backend/src/database/models/subjectStudent.ts": {"path":"/Users/takiacademy/Desktop/Ostedhy/backend/src/database/models/subjectStudent.ts","statementMap":{"0":{"start":{"line":1,"column":0},"end":{"line":1,"column":42}},"1":{"start":{"line":2,"column":0},"end":{"line":2,"column":43}},"2":{"start":{"line":3,"column":0},"end":{"line":3,"column":72}},"3":{"start":{"line":9,"column":7},"end":{"line":17,"column":null}},"4":{"start":{"line":10,"column":2},"end":{"line":12,"column":null}},"5":{"start":{"line":10,"column":20},"end":{"line":10,"column":27}},"6":{"start":{"line":14,"column":2},"end":{"line":16,"column":null}},"7":{"start":{"line":14,"column":20},"end":{"line":14,"column":27}},"8":{"start":{"line":9,"column":13},"end":{"line":17,"column":null}},"9":{"start":{"line":9,"column":13},"end":{"line":9,"column":27}}},"fnMap":{"0":{"name":"(anonymous_2)","decl":{"start":{"line":10,"column":14},"end":{"line":10,"column":17}},"loc":{"start":{"line":10,"column":20},"end":{"line":10,"column":27}}},"1":{"name":"(anonymous_3)","decl":{"start":{"line":14,"column":14},"end":{"line":14,"column":17}},"loc":{"start":{"line":14,"column":20},"end":{"line":14,"column":27}}}},"branchMap":{},"s":{"0":8,"1":8,"2":8,"3":8,"4":8,"5":48,"6":8,"7":16,"8":8,"9":8},"f":{"0":48,"1":16},"b":{}}
,"/Users/takiacademy/Desktop/Ostedhy/backend/src/database/models/test.model.ts": {"path":"/Users/takiacademy/Desktop/Ostedhy/backend/src/database/models/test.model.ts","statementMap":{"0":{"start":{"line":1,"column":0},"end":{"line":1,"column":null}},"1":{"start":{"line":15,"column":7},"end":{"line":21,"column":null}},"2":{"start":{"line":16,"column":2},"end":{"line":20,"column":null}},"3":{"start":{"line":15,"column":13},"end":{"line":21,"column":null}},"4":{"start":{"line":15,"column":13},"end":{"line":15,"column":17}}},"fnMap":{},"branchMap":{},"s":{"0":8,"1":8,"2":8,"3":8,"4":8},"f":{},"b":{}}
,"/Users/takiacademy/Desktop/Ostedhy/backend/src/database/models/verifications.ts": {"path":"/Users/takiacademy/Desktop/Ostedhy/backend/src/database/models/verifications.ts","statementMap":{"0":{"start":{"line":1,"column":0},"end":{"line":1,"column":47}},"1":{"start":{"line":4,"column":0},"end":{"line":4,"column":79}},"2":{"start":{"line":10,"column":7},"end":{"line":54,"column":null}},"3":{"start":{"line":11,"column":2},"end":{"line":14,"column":null}},"4":{"start":{"line":15,"column":2},"end":{"line":18,"column":null}},"5":{"start":{"line":20,"column":2},"end":{"line":23,"column":null}},"6":{"start":{"line":25,"column":2},"end":{"line":29,"column":null}},"7":{"start":{"line":30,"column":2},"end":{"line":34,"column":null}},"8":{"start":{"line":35,"column":2},"end":{"line":39,"column":null}},"9":{"start":{"line":40,"column":2},"end":{"line":43,"column":null}},"10":{"start":{"line":45,"column":2},"end":{"line":49,"column":null}},"11":{"start":{"line":50,"column":2},"end":{"line":53,"column":null}},"12":{"start":{"line":10,"column":13},"end":{"line":54,"column":null}},"13":{"start":{"line":10,"column":13},"end":{"line":10,"column":25}},"14":{"start":{"line":56,"column":33},"end":{"line":60,"column":1}},"15":{"start":{"line":57,"column":16},"end":{"line":57,"column":26}},"16":{"start":{"line":58,"column":2},"end":{"line":58,"column":72}},"17":{"start":{"line":59,"column":2},"end":{"line":59,"column":27}},"18":{"start":{"line":56,"column":13},"end":{"line":56,"column":33}}},"fnMap":{"0":{"name":"(anonymous_2)","decl":{"start":{"line":56,"column":33},"end":{"line":56,"column":38}},"loc":{"start":{"line":56,"column":44},"end":{"line":60,"column":1}}}},"branchMap":{},"s":{"0":8,"1":8,"2":8,"3":8,"4":8,"5":8,"6":8,"7":8,"8":8,"9":8,"10":8,"11":8,"12":8,"13":8,"14":8,"15":3,"16":3,"17":3,"18":8},"f":{"0":3},"b":{}}
,"/Users/takiacademy/Desktop/Ostedhy/backend/src/database/repositories/chapter.database.ts": {"path":"/Users/takiacademy/Desktop/Ostedhy/backend/src/database/repositories/chapter.database.ts","statementMap":{"0":{"start":{"line":1,"column":0},"end":{"line":1,"column":41}},"1":{"start":{"line":2,"column":0},"end":{"line":2,"column":50}},"2":{"start":{"line":4,"column":18},"end":{"line":4,"column":36}},"3":{"start":{"line":6,"column":23},"end":{"line":15,"column":1}},"4":{"start":{"line":7,"column":2},"end":{"line":7,"column":55}},"5":{"start":{"line":9,"column":2},"end":{"line":12,"column":4}},"6":{"start":{"line":13,"column":17},"end":{"line":13,"column":43}},"7":{"start":{"line":14,"column":2},"end":{"line":14,"column":16}},"8":{"start":{"line":6,"column":13},"end":{"line":6,"column":23}},"9":{"start":{"line":17,"column":26},"end":{"line":26,"column":1}},"10":{"start":{"line":18,"column":2},"end":{"line":18,"column":58}},"11":{"start":{"line":20,"column":2},"end":{"line":23,"column":4}},"12":{"start":{"line":24,"column":17},"end":{"line":24,"column":43}},"13":{"start":{"line":25,"column":2},"end":{"line":25,"column":16}},"14":{"start":{"line":17,"column":13},"end":{"line":17,"column":26}},"15":{"start":{"line":28,"column":13},"end":{"line":31,"column":2}}},"fnMap":{"0":{"name":"(anonymous_1)","decl":{"start":{"line":6,"column":23},"end":{"line":6,"column":28}},"loc":{"start":{"line":6,"column":44},"end":{"line":15,"column":1}}},"1":{"name":"(anonymous_2)","decl":{"start":{"line":17,"column":26},"end":{"line":17,"column":31}},"loc":{"start":{"line":17,"column":47},"end":{"line":26,"column":1}}}},"branchMap":{},"s":{"0":6,"1":6,"2":6,"3":6,"4":1,"5":1,"6":1,"7":1,"8":6,"9":6,"10":1,"11":1,"12":1,"13":1,"14":6,"15":6},"f":{"0":1,"1":1},"b":{}}
,"/Users/takiacademy/Desktop/Ostedhy/backend/src/database/repositories/factory.ts": {"path":"/Users/takiacademy/Desktop/Ostedhy/backend/src/database/repositories/factory.ts","statementMap":{"0":{"start":{"line":1,"column":0},"end":{"line":1,"column":48}},"1":{"start":{"line":4,"column":0},"end":{"line":4,"column":52}},"2":{"start":{"line":6,"column":0},"end":{"line":6,"column":41}},"3":{"start":{"line":8,"column":18},"end":{"line":8,"column":36}},"4":{"start":{"line":10,"column":22},"end":{"line":16,"column":1}},"5":{"start":{"line":11,"column":2},"end":{"line":11,"column":54}},"6":{"start":{"line":13,"column":15},"end":{"line":13,"column":38}},"7":{"start":{"line":15,"column":2},"end":{"line":15,"column":14}},"8":{"start":{"line":10,"column":13},"end":{"line":10,"column":22}},"9":{"start":{"line":18,"column":22},"end":{"line":23,"column":1}},"10":{"start":{"line":19,"column":2},"end":{"line":19,"column":54}},"11":{"start":{"line":21,"column":15},"end":{"line":21,"column":39}},"12":{"start":{"line":22,"column":2},"end":{"line":22,"column":14}},"13":{"start":{"line":18,"column":13},"end":{"line":18,"column":22}},"14":{"start":{"line":25,"column":30},"end":{"line":30,"column":1}},"15":{"start":{"line":26,"column":2},"end":{"line":26,"column":62}},"16":{"start":{"line":28,"column":15},"end":{"line":28,"column":61}},"17":{"start":{"line":29,"column":2},"end":{"line":29,"column":14}},"18":{"start":{"line":25,"column":13},"end":{"line":25,"column":30}},"19":{"start":{"line":31,"column":25},"end":{"line":37,"column":1}},"20":{"start":{"line":32,"column":2},"end":{"line":32,"column":57}},"21":{"start":{"line":34,"column":15},"end":{"line":34,"column":39}},"22":{"start":{"line":35,"column":2},"end":{"line":35,"column":41}},"23":{"start":{"line":36,"column":2},"end":{"line":36,"column":14}},"24":{"start":{"line":31,"column":13},"end":{"line":31,"column":25}},"25":{"start":{"line":39,"column":25},"end":{"line":48,"column":1}},"26":{"start":{"line":40,"column":2},"end":{"line":40,"column":57}},"27":{"start":{"line":42,"column":2},"end":{"line":42,"column":49}},"28":{"start":{"line":43,"column":17},"end":{"line":43,"column":41}},"29":{"start":{"line":45,"column":2},"end":{"line":45,"column":16}},"30":{"start":{"line":39,"column":13},"end":{"line":39,"column":25}},"31":{"start":{"line":50,"column":26},"end":{"line":55,"column":1}},"32":{"start":{"line":51,"column":2},"end":{"line":51,"column":58}},"33":{"start":{"line":53,"column":17},"end":{"line":53,"column":41}},"34":{"start":{"line":54,"column":2},"end":{"line":54,"column":16}},"35":{"start":{"line":50,"column":13},"end":{"line":50,"column":26}},"36":{"start":{"line":56,"column":39},"end":{"line":64,"column":1}},"37":{"start":{"line":57,"column":2},"end":{"line":57,"column":70}},"38":{"start":{"line":59,"column":15},"end":{"line":61,"column":4}},"39":{"start":{"line":63,"column":2},"end":{"line":63,"column":14}},"40":{"start":{"line":56,"column":13},"end":{"line":56,"column":39}},"41":{"start":{"line":65,"column":40},"end":{"line":71,"column":1}},"42":{"start":{"line":66,"column":2},"end":{"line":66,"column":72}},"43":{"start":{"line":68,"column":15},"end":{"line":68,"column":69}},"44":{"start":{"line":70,"column":2},"end":{"line":70,"column":14}},"45":{"start":{"line":65,"column":13},"end":{"line":65,"column":40}},"46":{"start":{"line":73,"column":13},"end":{"line":82,"column":2}}},"fnMap":{"0":{"name":"(anonymous_1)","decl":{"start":{"line":10,"column":22},"end":{"line":10,"column":27}},"loc":{"start":{"line":10,"column":43},"end":{"line":16,"column":1}}},"1":{"name":"(anonymous_2)","decl":{"start":{"line":18,"column":22},"end":{"line":18,"column":27}},"loc":{"start":{"line":18,"column":55},"end":{"line":23,"column":1}}},"2":{"name":"(anonymous_3)","decl":{"start":{"line":25,"column":30},"end":{"line":25,"column":35}},"loc":{"start":{"line":25,"column":63},"end":{"line":30,"column":1}}},"3":{"name":"(anonymous_4)","decl":{"start":{"line":31,"column":25},"end":{"line":31,"column":30}},"loc":{"start":{"line":31,"column":58},"end":{"line":37,"column":1}}},"4":{"name":"(anonymous_5)","decl":{"start":{"line":39,"column":25},"end":{"line":39,"column":30}},"loc":{"start":{"line":39,"column":72},"end":{"line":48,"column":1}}},"5":{"name":"(anonymous_6)","decl":{"start":{"line":50,"column":26},"end":{"line":50,"column":31}},"loc":{"start":{"line":50,"column":58},"end":{"line":55,"column":1}}},"6":{"name":"(anonymous_7)","decl":{"start":{"line":56,"column":39},"end":{"line":56,"column":44}},"loc":{"start":{"line":56,"column":50},"end":{"line":64,"column":1}}},"7":{"name":"(anonymous_8)","decl":{"start":{"line":65,"column":40},"end":{"line":65,"column":45}},"loc":{"start":{"line":65,"column":61},"end":{"line":71,"column":1}}}},"branchMap":{},"s":{"0":7,"1":7,"2":7,"3":7,"4":7,"5":4,"6":4,"7":4,"8":7,"9":7,"10":4,"11":4,"12":4,"13":7,"14":7,"15":0,"16":0,"17":0,"18":7,"19":7,"20":5,"21":5,"22":5,"23":5,"24":7,"25":7,"26":6,"27":6,"28":6,"29":6,"30":7,"31":7,"32":4,"33":4,"34":4,"35":7,"36":7,"37":1,"38":1,"39":1,"40":7,"41":7,"42":1,"43":1,"44":1,"45":7,"46":7},"f":{"0":4,"1":4,"2":0,"3":5,"4":6,"5":4,"6":1,"7":1},"b":{}}
,"/Users/takiacademy/Desktop/Ostedhy/backend/src/database/repositories/user.database.ts": {"path":"/Users/takiacademy/Desktop/Ostedhy/backend/src/database/repositories/user.database.ts","statementMap":{"0":{"start":{"line":2,"column":0},"end":{"line":2,"column":52}},"1":{"start":{"line":3,"column":0},"end":{"line":3,"column":53}},"2":{"start":{"line":4,"column":0},"end":{"line":4,"column":65}},"3":{"start":{"line":5,"column":0},"end":{"line":5,"column":58}},"4":{"start":{"line":6,"column":0},"end":{"line":6,"column":60}},"5":{"start":{"line":7,"column":0},"end":{"line":7,"column":41}},"6":{"start":{"line":9,"column":18},"end":{"line":9,"column":33}},"7":{"start":{"line":11,"column":20},"end":{"line":17,"column":1}},"8":{"start":{"line":12,"column":2},"end":{"line":12,"column":59}},"9":{"start":{"line":14,"column":15},"end":{"line":14,"column":63}},"10":{"start":{"line":16,"column":2},"end":{"line":16,"column":14}},"11":{"start":{"line":18,"column":24},"end":{"line":24,"column":1}},"12":{"start":{"line":19,"column":2},"end":{"line":19,"column":66}},"13":{"start":{"line":21,"column":18},"end":{"line":21,"column":44}},"14":{"start":{"line":23,"column":2},"end":{"line":23,"column":17}},"15":{"start":{"line":26,"column":15},"end":{"line":49,"column":1}},"16":{"start":{"line":27,"column":2},"end":{"line":27,"column":54}},"17":{"start":{"line":31,"column":2},"end":{"line":37,"column":10}},"18":{"start":{"line":39,"column":2},"end":{"line":47,"column":null}},"19":{"start":{"line":40,"column":4},"end":{"line":46,"column":12}},"20":{"start":{"line":48,"column":2},"end":{"line":48,"column":14}},"21":{"start":{"line":51,"column":19},"end":{"line":57,"column":1}},"22":{"start":{"line":52,"column":2},"end":{"line":52,"column":58}},"23":{"start":{"line":54,"column":15},"end":{"line":54,"column":51}},"24":{"start":{"line":56,"column":2},"end":{"line":56,"column":25}},"25":{"start":{"line":58,"column":28},"end":{"line":70,"column":1}},"26":{"start":{"line":59,"column":2},"end":{"line":59,"column":60}},"27":{"start":{"line":62,"column":2},"end":{"line":66,"column":null}},"28":{"start":{"line":63,"column":4},"end":{"line":63,"column":50}},"29":{"start":{"line":64,"column":4},"end":{"line":64,"column":40}},"30":{"start":{"line":65,"column":4},"end":{"line":65,"column":18}},"31":{"start":{"line":67,"column":2},"end":{"line":67,"column":48}},"32":{"start":{"line":68,"column":2},"end":{"line":68,"column":38}},"33":{"start":{"line":69,"column":2},"end":{"line":69,"column":16}},"34":{"start":{"line":58,"column":13},"end":{"line":58,"column":28}},"35":{"start":{"line":72,"column":18},"end":{"line":82,"column":1}},"36":{"start":{"line":73,"column":2},"end":{"line":73,"column":57}},"37":{"start":{"line":75,"column":21},"end":{"line":77,"column":4}},"38":{"start":{"line":78,"column":2},"end":{"line":79,"column":68}},"39":{"start":{"line":79,"column":4},"end":{"line":79,"column":68}},"40":{"start":{"line":81,"column":2},"end":{"line":81,"column":22}},"41":{"start":{"line":83,"column":21},"end":{"line":87,"column":1}},"42":{"start":{"line":84,"column":2},"end":{"line":84,"column":60}},"43":{"start":{"line":86,"column":2},"end":{"line":86,"column":65}},"44":{"start":{"line":89,"column":13},"end":{"line":97,"column":2}}},"fnMap":{"0":{"name":"(anonymous_1)","decl":{"start":{"line":11,"column":20},"end":{"line":11,"column":25}},"loc":{"start":{"line":11,"column":56},"end":{"line":17,"column":1}}},"1":{"name":"(anonymous_2)","decl":{"start":{"line":18,"column":24},"end":{"line":18,"column":29}},"loc":{"start":{"line":18,"column":45},"end":{"line":24,"column":1}}},"2":{"name":"(anonymous_3)","decl":{"start":{"line":26,"column":15},"end":{"line":26,"column":20}},"loc":{"start":{"line":26,"column":56},"end":{"line":49,"column":1}}},"3":{"name":"(anonymous_4)","decl":{"start":{"line":51,"column":19},"end":{"line":51,"column":24}},"loc":{"start":{"line":51,"column":52},"end":{"line":57,"column":1}}},"4":{"name":"(anonymous_5)","decl":{"start":{"line":58,"column":28},"end":{"line":58,"column":33}},"loc":{"start":{"line":58,"column":71},"end":{"line":70,"column":1}}},"5":{"name":"(anonymous_6)","decl":{"start":{"line":72,"column":18},"end":{"line":72,"column":23}},"loc":{"start":{"line":72,"column":49},"end":{"line":82,"column":1}}},"6":{"name":"(anonymous_7)","decl":{"start":{"line":83,"column":21},"end":{"line":83,"column":26}},"loc":{"start":{"line":83,"column":58},"end":{"line":87,"column":1}}}},"branchMap":{"0":{"loc":{"start":{"line":31,"column":2},"end":{"line":37,"column":9}},"type":"cond-expr","locations":[{"start":{"line":32,"column":7},"end":{"line":34,"column":8}},{"start":{"line":35,"column":7},"end":{"line":37,"column":8}}]},"1":{"loc":{"start":{"line":39,"column":2},"end":{"line":47,"column":null}},"type":"if","locations":[{"start":{"line":39,"column":2},"end":{"line":47,"column":null}}]},"2":{"loc":{"start":{"line":40,"column":4},"end":{"line":46,"column":11}},"type":"cond-expr","locations":[{"start":{"line":41,"column":9},"end":{"line":43,"column":10}},{"start":{"line":44,"column":9},"end":{"line":46,"column":10}}]},"3":{"loc":{"start":{"line":62,"column":2},"end":{"line":66,"column":null}},"type":"if","locations":[{"start":{"line":62,"column":2},"end":{"line":66,"column":null}}]},"4":{"loc":{"start":{"line":78,"column":2},"end":{"line":79,"column":68}},"type":"if","locations":[{"start":{"line":78,"column":2},"end":{"line":79,"column":68}}]}},"s":{"0":7,"1":7,"2":7,"3":7,"4":7,"5":7,"6":7,"7":7,"8":3,"9":3,"10":2,"11":7,"12":2,"13":2,"14":2,"15":7,"16":12,"17":12,"18":12,"19":11,"20":12,"21":7,"22":1,"23":1,"24":1,"25":7,"26":3,"27":3,"28":0,"29":0,"30":0,"31":3,"32":3,"33":3,"34":7,"35":7,"36":3,"37":3,"38":3,"39":0,"40":3,"41":7,"42":0,"43":0,"44":7},"f":{"0":3,"1":2,"2":12,"3":1,"4":3,"5":3,"6":0},"b":{"0":[10,2],"1":[11],"2":[10,1],"3":[0],"4":[0]}}
,"/Users/takiacademy/Desktop/Ostedhy/backend/src/database/repositories/verification.database.ts": {"path":"/Users/takiacademy/Desktop/Ostedhy/backend/src/database/repositories/verification.database.ts","statementMap":{"0":{"start":{"line":4,"column":0},"end":{"line":4,"column":41}},"1":{"start":{"line":5,"column":0},"end":{"line":5,"column":57}},"2":{"start":{"line":7,"column":18},"end":{"line":7,"column":41}},"3":{"start":{"line":9,"column":20},"end":{"line":15,"column":1}},"4":{"start":{"line":10,"column":2},"end":{"line":10,"column":59}},"5":{"start":{"line":12,"column":22},"end":{"line":12,"column":70}},"6":{"start":{"line":14,"column":2},"end":{"line":14,"column":21}},"7":{"start":{"line":17,"column":17},"end":{"line":23,"column":1}},"8":{"start":{"line":18,"column":2},"end":{"line":18,"column":59}},"9":{"start":{"line":20,"column":22},"end":{"line":20,"column":75}},"10":{"start":{"line":22,"column":2},"end":{"line":22,"column":21}},"11":{"start":{"line":25,"column":20},"end":{"line":31,"column":1}},"12":{"start":{"line":26,"column":2},"end":{"line":26,"column":59}},"13":{"start":{"line":28,"column":22},"end":{"line":28,"column":70}},"14":{"start":{"line":30,"column":2},"end":{"line":30,"column":21}},"15":{"start":{"line":32,"column":22},"end":{"line":38,"column":1}},"16":{"start":{"line":33,"column":2},"end":{"line":33,"column":54}},"17":{"start":{"line":35,"column":2},"end":{"line":35,"column":56}},"18":{"start":{"line":36,"column":17},"end":{"line":36,"column":48}},"19":{"start":{"line":37,"column":2},"end":{"line":37,"column":16}},"20":{"start":{"line":32,"column":13},"end":{"line":32,"column":22}},"21":{"start":{"line":40,"column":13},"end":{"line":45,"column":2}}},"fnMap":{"0":{"name":"(anonymous_1)","decl":{"start":{"line":9,"column":20},"end":{"line":9,"column":25}},"loc":{"start":{"line":9,"column":44},"end":{"line":15,"column":1}}},"1":{"name":"(anonymous_2)","decl":{"start":{"line":17,"column":17},"end":{"line":17,"column":22}},"loc":{"start":{"line":17,"column":38},"end":{"line":23,"column":1}}},"2":{"name":"(anonymous_3)","decl":{"start":{"line":25,"column":20},"end":{"line":25,"column":25}},"loc":{"start":{"line":25,"column":44},"end":{"line":31,"column":1}}},"3":{"name":"(anonymous_4)","decl":{"start":{"line":32,"column":22},"end":{"line":32,"column":27}},"loc":{"start":{"line":32,"column":57},"end":{"line":38,"column":1}}}},"branchMap":{},"s":{"0":7,"1":7,"2":7,"3":7,"4":2,"5":2,"6":2,"7":7,"8":2,"9":2,"10":2,"11":7,"12":0,"13":0,"14":0,"15":7,"16":2,"17":2,"18":2,"19":2,"20":7,"21":7},"f":{"0":2,"1":2,"2":0,"3":2},"b":{}}
,"/Users/takiacademy/Desktop/Ostedhy/backend/src/docs/components.ts": {"path":"/Users/takiacademy/Desktop/Ostedhy/backend/src/docs/components.ts","statementMap":{"0":{"start":{"line":1,"column":0},"end":{"line":266,"column":2}}},"fnMap":{},"branchMap":{},"s":{"0":6},"f":{},"b":{}}
,"/Users/takiacademy/Desktop/Ostedhy/backend/src/docs/generalinfo.ts": {"path":"/Users/takiacademy/Desktop/Ostedhy/backend/src/docs/generalinfo.ts","statementMap":{"0":{"start":{"line":1,"column":0},"end":{"line":12,"column":2}}},"fnMap":{},"branchMap":{},"s":{"0":6},"f":{},"b":{}}
,"/Users/takiacademy/Desktop/Ostedhy/backend/src/docs/index.ts": {"path":"/Users/takiacademy/Desktop/Ostedhy/backend/src/docs/index.ts","statementMap":{"0":{"start":{"line":1,"column":0},"end":{"line":1,"column":39}},"1":{"start":{"line":2,"column":0},"end":{"line":2,"column":38}},"2":{"start":{"line":3,"column":0},"end":{"line":3,"column":30}},"3":{"start":{"line":4,"column":0},"end":{"line":4,"column":26}},"4":{"start":{"line":5,"column":0},"end":{"line":5,"column":30}},"5":{"start":{"line":6,"column":0},"end":{"line":6,"column":38}},"6":{"start":{"line":7,"column":0},"end":{"line":7,"column":32}},"7":{"start":{"line":8,"column":0},"end":{"line":8,"column":32}},"8":{"start":{"line":9,"column":0},"end":{"line":9,"column":32}},"9":{"start":{"line":10,"column":0},"end":{"line":10,"column":26}},"10":{"start":{"line":11,"column":0},"end":{"line":25,"column":2}}},"fnMap":{},"branchMap":{},"s":{"0":6,"1":6,"2":6,"3":6,"4":6,"5":6,"6":6,"7":6,"8":6,"9":6,"10":6},"f":{},"b":{}}
,"/Users/takiacademy/Desktop/Ostedhy/backend/src/docs/server.ts": {"path":"/Users/takiacademy/Desktop/Ostedhy/backend/src/docs/server.ts","statementMap":{"0":{"start":{"line":1,"column":0},"end":{"line":8,"column":2}}},"fnMap":{},"branchMap":{},"s":{"0":6},"f":{},"b":{}}
,"/Users/takiacademy/Desktop/Ostedhy/backend/src/docs/tags.ts": {"path":"/Users/takiacademy/Desktop/Ostedhy/backend/src/docs/tags.ts","statementMap":{"0":{"start":{"line":1,"column":0},"end":{"line":5,"column":2}}},"fnMap":{},"branchMap":{},"s":{"0":6},"f":{},"b":{}}
,"/Users/takiacademy/Desktop/Ostedhy/backend/src/docs/auth/index.ts": {"path":"/Users/takiacademy/Desktop/Ostedhy/backend/src/docs/auth/index.ts","statementMap":{"0":{"start":{"line":1,"column":0},"end":{"line":1,"column":28}},"1":{"start":{"line":2,"column":0},"end":{"line":2,"column":34}},"2":{"start":{"line":3,"column":0},"end":{"line":3,"column":37}},"3":{"start":{"line":4,"column":0},"end":{"line":4,"column":58}},"4":{"start":{"line":5,"column":0},"end":{"line":5,"column":44}},"5":{"start":{"line":6,"column":0},"end":{"line":6,"column":60}},"6":{"start":{"line":7,"column":0},"end":{"line":7,"column":44}},"7":{"start":{"line":8,"column":0},"end":{"line":30,"column":2}}},"fnMap":{},"branchMap":{},"s":{"0":6,"1":6,"2":6,"3":6,"4":6,"5":6,"6":6,"7":6},"f":{},"b":{}}
,"/Users/takiacademy/Desktop/Ostedhy/backend/src/docs/auth/login.ts": {"path":"/Users/takiacademy/Desktop/Ostedhy/backend/src/docs/auth/login.ts","statementMap":{"0":{"start":{"line":1,"column":0},"end":{"line":37,"column":2}}},"fnMap":{},"branchMap":{},"s":{"0":6},"f":{},"b":{}}
,"/Users/takiacademy/Desktop/Ostedhy/backend/src/docs/auth/refreshToken.ts": {"path":"/Users/takiacademy/Desktop/Ostedhy/backend/src/docs/auth/refreshToken.ts","statementMap":{"0":{"start":{"line":1,"column":0},"end":{"line":15,"column":2}}},"fnMap":{},"branchMap":{},"s":{"0":6},"f":{},"b":{}}
,"/Users/takiacademy/Desktop/Ostedhy/backend/src/docs/auth/register.ts": {"path":"/Users/takiacademy/Desktop/Ostedhy/backend/src/docs/auth/register.ts","statementMap":{"0":{"start":{"line":1,"column":0},"end":{"line":41,"column":2}}},"fnMap":{},"branchMap":{},"s":{"0":6},"f":{},"b":{}}
,"/Users/takiacademy/Desktop/Ostedhy/backend/src/docs/auth/requestcodevalidation.ts": {"path":"/Users/takiacademy/Desktop/Ostedhy/backend/src/docs/auth/requestcodevalidation.ts","statementMap":{"0":{"start":{"line":1,"column":0},"end":{"line":40,"column":2}}},"fnMap":{},"branchMap":{},"s":{"0":6},"f":{},"b":{}}
,"/Users/takiacademy/Desktop/Ostedhy/backend/src/docs/auth/requestresetpassword.ts": {"path":"/Users/takiacademy/Desktop/Ostedhy/backend/src/docs/auth/requestresetpassword.ts","statementMap":{"0":{"start":{"line":1,"column":0},"end":{"line":40,"column":2}}},"fnMap":{},"branchMap":{},"s":{"0":6},"f":{},"b":{}}
,"/Users/takiacademy/Desktop/Ostedhy/backend/src/docs/auth/resetpassword.ts": {"path":"/Users/takiacademy/Desktop/Ostedhy/backend/src/docs/auth/resetpassword.ts","statementMap":{"0":{"start":{"line":1,"column":0},"end":{"line":55,"column":2}}},"fnMap":{},"branchMap":{},"s":{"0":6},"f":{},"b":{}}
,"/Users/takiacademy/Desktop/Ostedhy/backend/src/docs/auth/verifyaccount.ts": {"path":"/Users/takiacademy/Desktop/Ostedhy/backend/src/docs/auth/verifyaccount.ts","statementMap":{"0":{"start":{"line":1,"column":0},"end":{"line":46,"column":2}}},"fnMap":{},"branchMap":{},"s":{"0":6},"f":{},"b":{}}
,"/Users/takiacademy/Desktop/Ostedhy/backend/src/docs/chapter/createOne.ts": {"path":"/Users/takiacademy/Desktop/Ostedhy/backend/src/docs/chapter/createOne.ts","statementMap":{"0":{"start":{"line":1,"column":0},"end":{"line":24,"column":2}}},"fnMap":{},"branchMap":{},"s":{"0":6},"f":{},"b":{}}
,"/Users/takiacademy/Desktop/Ostedhy/backend/src/docs/chapter/deleteOne.ts": {"path":"/Users/takiacademy/Desktop/Ostedhy/backend/src/docs/chapter/deleteOne.ts","statementMap":{"0":{"start":{"line":1,"column":0},"end":{"line":28,"column":2}}},"fnMap":{},"branchMap":{},"s":{"0":6},"f":{},"b":{}}
,"/Users/takiacademy/Desktop/Ostedhy/backend/src/docs/chapter/getAll.ts": {"path":"/Users/takiacademy/Desktop/Ostedhy/backend/src/docs/chapter/getAll.ts","statementMap":{"0":{"start":{"line":1,"column":0},"end":{"line":19,"column":2}}},"fnMap":{},"branchMap":{},"s":{"0":6},"f":{},"b":{}}
,"/Users/takiacademy/Desktop/Ostedhy/backend/src/docs/chapter/getOne.ts": {"path":"/Users/takiacademy/Desktop/Ostedhy/backend/src/docs/chapter/getOne.ts","statementMap":{"0":{"start":{"line":1,"column":0},"end":{"line":43,"column":2}}},"fnMap":{},"branchMap":{},"s":{"0":6},"f":{},"b":{}}
,"/Users/takiacademy/Desktop/Ostedhy/backend/src/docs/chapter/index.ts": {"path":"/Users/takiacademy/Desktop/Ostedhy/backend/src/docs/chapter/index.ts","statementMap":{"0":{"start":{"line":1,"column":0},"end":{"line":1,"column":36}},"1":{"start":{"line":2,"column":0},"end":{"line":2,"column":36}},"2":{"start":{"line":3,"column":0},"end":{"line":3,"column":36}},"3":{"start":{"line":4,"column":0},"end":{"line":4,"column":30}},"4":{"start":{"line":5,"column":0},"end":{"line":5,"column":30}},"5":{"start":{"line":7,"column":0},"end":{"line":17,"column":2}}},"fnMap":{},"branchMap":{},"s":{"0":6,"1":6,"2":6,"3":6,"4":6,"5":6},"f":{},"b":{}}
,"/Users/takiacademy/Desktop/Ostedhy/backend/src/docs/chapter/updateOne.ts": {"path":"/Users/takiacademy/Desktop/Ostedhy/backend/src/docs/chapter/updateOne.ts","statementMap":{"0":{"start":{"line":1,"column":0},"end":{"line":37,"column":2}}},"fnMap":{},"branchMap":{},"s":{"0":6},"f":{},"b":{}}
,"/Users/takiacademy/Desktop/Ostedhy/backend/src/docs/class/createOne.ts": {"path":"/Users/takiacademy/Desktop/Ostedhy/backend/src/docs/class/createOne.ts","statementMap":{"0":{"start":{"line":1,"column":0},"end":{"line":25,"column":2}}},"fnMap":{},"branchMap":{},"s":{"0":6},"f":{},"b":{}}
,"/Users/takiacademy/Desktop/Ostedhy/backend/src/docs/class/deletOne.ts": {"path":"/Users/takiacademy/Desktop/Ostedhy/backend/src/docs/class/deletOne.ts","statementMap":{"0":{"start":{"line":1,"column":0},"end":{"line":28,"column":2}}},"fnMap":{},"branchMap":{},"s":{"0":6},"f":{},"b":{}}
,"/Users/takiacademy/Desktop/Ostedhy/backend/src/docs/class/getAll.ts": {"path":"/Users/takiacademy/Desktop/Ostedhy/backend/src/docs/class/getAll.ts","statementMap":{"0":{"start":{"line":1,"column":0},"end":{"line":19,"column":2}}},"fnMap":{},"branchMap":{},"s":{"0":6},"f":{},"b":{}}
,"/Users/takiacademy/Desktop/Ostedhy/backend/src/docs/class/getOne.ts": {"path":"/Users/takiacademy/Desktop/Ostedhy/backend/src/docs/class/getOne.ts","statementMap":{"0":{"start":{"line":1,"column":0},"end":{"line":43,"column":2}}},"fnMap":{},"branchMap":{},"s":{"0":6},"f":{},"b":{}}
,"/Users/takiacademy/Desktop/Ostedhy/backend/src/docs/class/index.ts": {"path":"/Users/takiacademy/Desktop/Ostedhy/backend/src/docs/class/index.ts","statementMap":{"0":{"start":{"line":1,"column":0},"end":{"line":1,"column":36}},"1":{"start":{"line":2,"column":0},"end":{"line":2,"column":35}},"2":{"start":{"line":3,"column":0},"end":{"line":3,"column":36}},"3":{"start":{"line":4,"column":0},"end":{"line":4,"column":30}},"4":{"start":{"line":5,"column":0},"end":{"line":5,"column":30}},"5":{"start":{"line":7,"column":0},"end":{"line":17,"column":2}}},"fnMap":{},"branchMap":{},"s":{"0":6,"1":6,"2":6,"3":6,"4":6,"5":6},"f":{},"b":{}}
,"/Users/takiacademy/Desktop/Ostedhy/backend/src/docs/class/updateOne.ts": {"path":"/Users/takiacademy/Desktop/Ostedhy/backend/src/docs/class/updateOne.ts","statementMap":{"0":{"start":{"line":1,"column":0},"end":{"line":37,"column":2}}},"fnMap":{},"branchMap":{},"s":{"0":6},"f":{},"b":{}}
,"/Users/takiacademy/Desktop/Ostedhy/backend/src/docs/government/createOne.ts": {"path":"/Users/takiacademy/Desktop/Ostedhy/backend/src/docs/government/createOne.ts","statementMap":{"0":{"start":{"line":1,"column":0},"end":{"line":25,"column":2}}},"fnMap":{},"branchMap":{},"s":{"0":6},"f":{},"b":{}}
,"/Users/takiacademy/Desktop/Ostedhy/backend/src/docs/government/deleteOne.ts": {"path":"/Users/takiacademy/Desktop/Ostedhy/backend/src/docs/government/deleteOne.ts","statementMap":{"0":{"start":{"line":1,"column":0},"end":{"line":28,"column":2}}},"fnMap":{},"branchMap":{},"s":{"0":6},"f":{},"b":{}}
,"/Users/takiacademy/Desktop/Ostedhy/backend/src/docs/government/getAll.ts": {"path":"/Users/takiacademy/Desktop/Ostedhy/backend/src/docs/government/getAll.ts","statementMap":{"0":{"start":{"line":1,"column":0},"end":{"line":19,"column":2}}},"fnMap":{},"branchMap":{},"s":{"0":6},"f":{},"b":{}}
,"/Users/takiacademy/Desktop/Ostedhy/backend/src/docs/government/getOne.ts": {"path":"/Users/takiacademy/Desktop/Ostedhy/backend/src/docs/government/getOne.ts","statementMap":{"0":{"start":{"line":1,"column":0},"end":{"line":43,"column":2}}},"fnMap":{},"branchMap":{},"s":{"0":6},"f":{},"b":{}}
,"/Users/takiacademy/Desktop/Ostedhy/backend/src/docs/government/index.ts": {"path":"/Users/takiacademy/Desktop/Ostedhy/backend/src/docs/government/index.ts","statementMap":{"0":{"start":{"line":1,"column":0},"end":{"line":1,"column":30}},"1":{"start":{"line":2,"column":0},"end":{"line":2,"column":36}},"2":{"start":{"line":3,"column":0},"end":{"line":3,"column":30}},"3":{"start":{"line":4,"column":0},"end":{"line":4,"column":36}},"4":{"start":{"line":5,"column":0},"end":{"line":5,"column":36}},"5":{"start":{"line":7,"column":0},"end":{"line":17,"column":2}}},"fnMap":{},"branchMap":{},"s":{"0":6,"1":6,"2":6,"3":6,"4":6,"5":6},"f":{},"b":{}}
,"/Users/takiacademy/Desktop/Ostedhy/backend/src/docs/government/updateOne.ts": {"path":"/Users/takiacademy/Desktop/Ostedhy/backend/src/docs/government/updateOne.ts","statementMap":{"0":{"start":{"line":1,"column":0},"end":{"line":37,"column":2}}},"fnMap":{},"branchMap":{},"s":{"0":6},"f":{},"b":{}}
,"/Users/takiacademy/Desktop/Ostedhy/backend/src/docs/student/index.ts": {"path":"/Users/takiacademy/Desktop/Ostedhy/backend/src/docs/student/index.ts","statementMap":{"0":{"start":{"line":1,"column":0},"end":{"line":1,"column":44}},"1":{"start":{"line":2,"column":0},"end":{"line":2,"column":52}},"2":{"start":{"line":3,"column":0},"end":{"line":3,"column":52}},"3":{"start":{"line":4,"column":0},"end":{"line":4,"column":42}},"4":{"start":{"line":6,"column":0},"end":{"line":23,"column":2}}},"fnMap":{},"branchMap":{},"s":{"0":6,"1":6,"2":6,"3":6,"4":6},"f":{},"b":{}}
,"/Users/takiacademy/Desktop/Ostedhy/backend/src/docs/student/subscribeChapter.ts": {"path":"/Users/takiacademy/Desktop/Ostedhy/backend/src/docs/student/subscribeChapter.ts","statementMap":{"0":{"start":{"line":1,"column":0},"end":{"line":34,"column":2}}},"fnMap":{},"branchMap":{},"s":{"0":6},"f":{},"b":{}}
,"/Users/takiacademy/Desktop/Ostedhy/backend/src/docs/student/subscribeSubject.ts": {"path":"/Users/takiacademy/Desktop/Ostedhy/backend/src/docs/student/subscribeSubject.ts","statementMap":{"0":{"start":{"line":1,"column":0},"end":{"line":34,"column":2}}},"fnMap":{},"branchMap":{},"s":{"0":6},"f":{},"b":{}}
[...]
,"/Users/takiacademy/Desktop/Ostedhy/backend/src/services/student.service.ts": {"path":"/Users/takiacademy/Desktop/Ostedhy/backend/src/services/student.service.ts","statementMap":{"0":{"start":{"line":1,"column":0},"end":{"line":1,"column":75}},"1":{"start":{"line":2,"column":0},"end":{"line":2,"column":60}},"2":{"start":{"line":3,"column":0},"end":{"line":3,"column":60}},"3":{"start":{"line":4,"column":0},"end":{"line":4,"column":70}},"4":{"start":{"line":5,"column":0},"end":{"line":5,"column":62}},"5":{"start":{"line":6,"column":0},"end":{"line":6,"column":55}},"6":{"start":{"line":7,"column":0},"end":{"line":7,"column":57}},"7":{"start":{"line":8,"column":0},"end":{"line":8,"column":67}},"8":{"start":{"line":9,"column":0},"end":{"line":9,"column":20}},"9":{"start":{"line":10,"column":0},"end":{"line":10,"column":37}},"10":{"start":{"line":11,"column":0},"end":{"line":11,"column":38}},"11":{"start":{"line":12,"column":0},"end":{"line":12,"column":61}},"12":{"start":{"line":14,"column":18},"end":{"line":14,"column":35}},"13":{"start":{"line":15,"column":29},"end":{"line":30,"column":1}},"14":{"start":{"line":16,"column":2},"end":{"line":16,"column":61}},"15":{"start":{"line":17,"column":18},"end":{"line":17,"column":56}},"16":{"start":{"line":18,"column":20},"end":{"line":18,"column":24}},"17":{"start":{"line":20,"column":2},"end":{"line":25,"column":null}},"18":{"start":{"line":21,"column":17},"end":{"line":21,"column":63}},"19":{"start":{"line":22,"column":4},"end":{"line":24,"column":null}},"20":{"start":{"line":23,"column":6},"end":{"line":23,"column":64}},"21":{"start":{"line":27,"column":22},"end":{"line":27,"column":65}},"22":{"start":{"line":28,"column":38},"end":{"line":28,"column":60}},"23":{"start":{"line":29,"column":2},"end":{"line":29,"column":20}},"24":{"start":{"line":15,"column":13},"end":{"line":15,"column":29}},"25":{"start":{"line":32,"column":34},"end":{"line":44,"column":1}},"26":{"start":{"line":33,"column":2},"end":{"line":33,"column":66}},"27":{"start":{"line":34,"column":35},"end":{"line":34,"column":39}},"28":{"start":{"line":35,"column":2},"end":{"line":37,"column":null}},"29":{"start":{"line":36,"column":4},"end":{"line":36,"column":55}},"30":{"start":{"line":38,"column":17},"end":{"line":41,"column":4}},"31":{"start":{"line":42,"column":2},"end":{"line":42,"column":22}},"32":{"start":{"line":43,"column":2},"end":{"line":43,"column":16}},"33":{"start":{"line":32,"column":13},"end":{"line":32,"column":34}},"34":{"start":{"line":45,"column":34},"end":{"line":57,"column":1}},"35":{"start":{"line":46,"column":2},"end":{"line":46,"column":66}},"36":{"start":{"line":47,"column":35},"end":{"line":47,"column":39}},"37":{"start":{"line":48,"column":2},"end":{"line":50,"column":null}},"38":{"start":{"line":49,"column":4},"end":{"line":49,"column":55}},"39":{"start":{"line":51,"column":17},"end":{"line":54,"column":4}},"40":{"start":{"line":55,"column":2},"end":{"line":55,"column":22}},"41":{"start":{"line":56,"column":2},"end":{"line":56,"column":16}},"42":{"start":{"line":45,"column":13},"end":{"line":45,"column":34}},"43":{"start":{"line":59,"column":28},"end":{"line":80,"column":1}},"44":{"start":{"line":60,"column":2},"end":{"line":60,"column":60}},"45":{"start":{"line":61,"column":2},"end":{"line":63,"column":null}},"46":{"start":{"line":62,"column":4},"end":{"line":62,"column":58}},"47":{"start":{"line":64,"column":2},"end":{"line":65,"column":58}},"48":{"start":{"line":65,"column":4},"end":{"line":65,"column":58}},"49":{"start":{"line":67,"column":17},"end":{"line":67,"column":71}},"50":{"start":{"line":69,"column":2},"end":{"line":69,"column":61}},"51":{"start":{"line":71,"column":2},"end":{"line":74,"column":4}},"52":{"start":{"line":76,"column":2},"end":{"line":79,"column":4}},"53":{"start":{"line":59,"column":13},"end":{"line":59,"column":28}},"54":{"start":{"line":82,"column":34},"end":{"line":87,"column":1}},"55":{"start":{"line":83,"column":2},"end":{"line":83,"column":55}},"56":{"start":{"line":84,"column":2},"end":{"line":86,"column":4}},"57":{"start":{"line":82,"column":13},"end":{"line":82,"column":34}},"58":{"start":{"line":89,"column":13},"end":{"line":95,"column":2}}},"fnMap":{"0":{"name":"(anonymous_1)","decl":{"start":{"line":15,"column":29},"end":{"line":15,"column":34}},"loc":{"start":{"line":15,"column":61},"end":{"line":30,"column":1}}},"1":{"name":"(anonymous_2)","decl":{"start":{"line":32,"column":34},"end":{"line":32,"column":39}},"loc":{"start":{"line":32,"column":54},"end":{"line":44,"column":1}}},"2":{"name":"(anonymous_3)","decl":{"start":{"line":45,"column":34},"end":{"line":45,"column":39}},"loc":{"start":{"line":45,"column":54},"end":{"line":57,"column":1}}},"3":{"name":"(anonymous_4)","decl":{"start":{"line":59,"column":28},"end":{"line":59,"column":33}},"loc":{"start":{"line":59,"column":60},"end":{"line":80,"column":1}}},"4":{"name":"(anonymous_5)","decl":{"start":{"line":82,"column":34},"end":{"line":82,"column":39}},"loc":{"start":{"line":82,"column":55},"end":{"line":87,"column":1}}}},"branchMap":{"0":{"loc":{"start":{"line":20,"column":2},"end":{"line":25,"column":null}},"type":"if","locations":[{"start":{"line":20,"column":2},"end":{"line":25,"column":null}}]},"1":{"loc":{"start":{"line":22,"column":4},"end":{"line":24,"column":null}},"type":"if","locations":[{"start":{"line":22,"column":4},"end":{"line":24,"column":null}}]},"2":{"loc":{"start":{"line":35,"column":2},"end":{"line":37,"column":null}},"type":"if","locations":[{"start":{"line":35,"column":2},"end":{"line":37,"column":null}}]},"3":{"loc":{"start":{"line":35,"column":6},"end":{"line":35,"column":30}},"type":"binary-expr","locations":[{"start":{"line":35,"column":6},"end":{"line":35,"column":16}},{"start":{"line":35,"column":20},"end":{"line":35,"column":30}}]},"4":{"loc":{"start":{"line":48,"column":2},"end":{"line":50,"column":null}},"type":"if","locations":[{"start":{"line":48,"column":2},"end":{"line":50,"column":null}}]},"5":{"loc":{"start":{"line":48,"column":6},"end":{"line":48,"column":30}},"type":"binary-expr","locations":[{"start":{"line":48,"column":6},"end":{"line":48,"column":16}},{"start":{"line":48,"column":20},"end":{"line":48,"column":30}}]},"6":{"loc":{"start":{"line":61,"column":2},"end":{"line":63,"column":null}},"type":"if","locations":[{"start":{"line":61,"column":2},"end":{"line":63,"column":null}}]},"7":{"loc":{"start":{"line":64,"column":2},"end":{"line":65,"column":58}},"type":"if","locations":[{"start":{"line":64,"column":2},"end":{"line":65,"column":58}}]}},"s":{"0":6,"1":6,"2":6,"3":6,"4":6,"5":6,"6":6,"7":6,"8":6,"9":6,"10":6,"11":6,"12":6,"13":6,"14":2,"15":2,"16":2,"17":2,"18":1,"19":0,"20":0,"21":1,"22":1,"23":1,"24":6,"25":6,"26":2,"27":2,"28":2,"29":1,"30":1,"31":1,"32":1,"33":6,"34":6,"35":2,"36":2,"37":2,"38":1,"39":1,"40":1,"41":1,"42":6,"43":6,"44":0,"45":0,"46":0,"47":0,"48":0,"49":0,"50":0,"51":0,"52":0,"53":6,"54":6,"55":0,"56":0,"57":6,"58":6},"f":{"0":2,"1":2,"2":2,"3":0,"4":0},"b":{"0":[1],"1":[0],"2":[1],"3":[2,2],"4":[1],"5":[2,2],"6":[0],"7":[0]}}
,"/Users/takiacademy/Desktop/Ostedhy/backend/src/shared/applicationError.ts": {"path":"/Users/takiacademy/Desktop/Ostedhy/backend/src/shared/applicationError.ts","statementMap":{"0":{"start":{"line":2,"column":16},"end":{"line":8,"column":4}},"1":{"start":{"line":18,"column":4},"end":{"line":18,"column":12}},"2":{"start":{"line":19,"column":4},"end":{"line":21,"column":null}},"3":{"start":{"line":20,"column":6},"end":{"line":20,"column":67}},"4":{"start":{"line":23,"column":4},"end":{"line":25,"column":null}},"5":{"start":{"line":24,"column":6},"end":{"line":24,"column":64}},"6":{"start":{"line":27,"column":4},"end":{"line":27,"column":29}},"7":{"start":{"line":28,"column":4},"end":{"line":28,"column":29}},"8":{"start":{"line":29,"column":4},"end":{"line":29,"column":29}},"9":{"start":{"line":30,"column":4},"end":{"line":30,"column":35}},"10":{"start":{"line":32,"column":4},"end":{"line":32,"column":41}},"11":{"start":{"line":1,"column":0},"end":{"line":1,"column":13}}},"fnMap":{"0":{"name":"(anonymous_0)","decl":{"start":{"line":17,"column":2},"end":{"line":17,"column":14}},"loc":{"start":{"line":17,"column":26},"end":{"line":33,"column":3}}}},"branchMap":{"0":{"loc":{"start":{"line":19,"column":4},"end":{"line":21,"column":null}},"type":"if","locations":[{"start":{"line":19,"column":4},"end":{"line":21,"column":null}}]},"1":{"loc":{"start":{"line":23,"column":4},"end":{"line":25,"column":null}},"type":"if","locations":[{"start":{"line":23,"column":4},"end":{"line":25,"column":null}}]}},"s":{"0":8,"1":16,"2":16,"3":0,"4":16,"5":0,"6":16,"7":16,"8":16,"9":16,"10":16,"11":8},"f":{"0":16},"b":{"0":[0],"1":[0]}}
,"/Users/takiacademy/Desktop/Ostedhy/backend/src/shared/formatError.ts": {"path":"/Users/takiacademy/Desktop/Ostedhy/backend/src/shared/formatError.ts","statementMap":{"0":{"start":{"line":2,"column":26},"end":{"line":2,"column":67}},"1":{"start":{"line":3,"column":19},"end":{"line":3,"column":52}},"2":{"start":{"line":5,"column":2},"end":{"line":12,"column":4}},"3":{"start":{"line":1,"column":0},"end":{"line":1,"column":16}}},"fnMap":{"0":{"name":"formatError","decl":{"start":{"line":1,"column":16},"end":{"line":1,"column":27}},"loc":{"start":{"line":1,"column":54},"end":{"line":13,"column":1}}}},"branchMap":{"0":{"loc":{"start":{"line":1,"column":40},"end":{"line":1,"column":54}},"type":"default-arg","locations":[{"start":{"line":1,"column":52},"end":{"line":1,"column":54}}]},"1":{"loc":{"start":{"line":2,"column":26},"end":{"line":2,"column":67}},"type":"binary-expr","locations":[{"start":{"line":2,"column":26},"end":{"line":2,"column":61}},{"start":{"line":2,"column":65},"end":{"line":2,"column":67}}]}},"s":{"0":5,"1":5,"2":5,"3":6},"f":{"0":5},"b":{"0":[5],"1":[5,0]}}
,"/Users/takiacademy/Desktop/Ostedhy/backend/src/shared/errors/authError.ts": {"path":"/Users/takiacademy/Desktop/Ostedhy/backend/src/shared/errors/authError.ts","statementMap":{"0":{"start":{"line":1,"column":0},"end":{"line":1,"column":55}},"1":{"start":{"line":3,"column":18},"end":{"line":88,"column":2}},"2":{"start":{"line":90,"column":9},"end":{"line":90,"column":18}}},"fnMap":{},"branchMap":{},"s":{"0":7,"1":7,"2":7},"f":{},"b":{}}
,"/Users/takiacademy/Desktop/Ostedhy/backend/src/shared/errors/commonError.ts": {"path":"/Users/takiacademy/Desktop/Ostedhy/backend/src/shared/errors/commonError.ts","statementMap":{"0":{"start":{"line":1,"column":0},"end":{"line":1,"column":55}},"1":{"start":{"line":3,"column":18},"end":{"line":71,"column":2}},"2":{"start":{"line":73,"column":9},"end":{"line":73,"column":18}}},"fnMap":{},"branchMap":{},"s":{"0":7,"1":7,"2":7},"f":{},"b":{}}
,"/Users/takiacademy/Desktop/Ostedhy/backend/src/shared/errors/studentError.ts": {"path":"/Users/takiacademy/Desktop/Ostedhy/backend/src/shared/errors/studentError.ts","statementMap":{"0":{"start":{"line":1,"column":0},"end":{"line":1,"column":55}},"1":{"start":{"line":3,"column":21},"end":{"line":23,"column":2}},"2":{"start":{"line":25,"column":9},"end":{"line":25,"column":21}}},"fnMap":{},"branchMap":{},"s":{"0":6,"1":6,"2":6},"f":{},"b":{}}
,"/Users/takiacademy/Desktop/Ostedhy/backend/src/utils/connection.ts": {"path":"/Users/takiacademy/Desktop/Ostedhy/backend/src/utils/connection.ts","statementMap":{"0":{"start":{"line":1,"column":0},"end":{"line":1,"column":55}},"1":{"start":{"line":2,"column":0},"end":{"line":2,"column":75}},"2":{"start":{"line":3,"column":0},"end":{"line":3,"column":69}},"3":{"start":{"line":4,"column":0},"end":{"line":4,"column":66}},"4":{"start":{"line":5,"column":0},"end":{"line":5,"column":71}},"5":{"start":{"line":6,"column":0},"end":{"line":6,"column":62}},"6":{"start":{"line":7,"column":0},"end":{"line":7,"column":61}},"7":{"start":{"line":8,"column":0},"end":{"line":8,"column":69}},"8":{"start":{"line":9,"column":0},"end":{"line":9,"column":57}},"9":{"start":{"line":10,"column":0},"end":{"line":10,"column":61}},"10":{"start":{"line":11,"column":0},"end":{"line":11,"column":61}},"11":{"start":{"line":12,"column":0},"end":{"line":12,"column":49}},"12":{"start":{"line":13,"column":0},"end":{"line":13,"column":42}},"13":{"start":{"line":15,"column":19},"end":{"line":35,"column":2}},"14":{"start":{"line":37,"column":0},"end":{"line":37,"column":26}}},"fnMap":{},"branchMap":{},"s":{"0":8,"1":8,"2":8,"3":8,"4":8,"5":8,"6":8,"7":8,"8":8,"9":8,"10":8,"11":8,"12":8,"13":8,"14":8},"f":{},"b":{}}
,"/Users/takiacademy/Desktop/Ostedhy/backend/src/utils/gTokenForTest.ts": {"path":"/Users/takiacademy/Desktop/Ostedhy/backend/src/utils/gTokenForTest.ts","statementMap":{"0":{"start":{"line":1,"column":0},"end":{"line":1,"column":31}},"1":{"start":{"line":2,"column":0},"end":{"line":2,"column":42}},"2":{"start":{"line":4,"column":14},"end":{"line":13,"column":null}},"3":{"start":{"line":16,"column":0},"end":{"line":16,"column":21}}},"fnMap":{},"branchMap":{},"s":{"0":5,"1":5,"2":5,"3":5},"f":{},"b":{}}
,"/Users/takiacademy/Desktop/Ostedhy/backend/src/utils/generatemail.ts": {"path":"/Users/takiacademy/Desktop/Ostedhy/backend/src/utils/generatemail.ts","statementMap":{"0":{"start":{"line":1,"column":29},"end":{"line":8,"column":1}},"1":{"start":{"line":2,"column":14},"end":{"line":2,"column":52}},"2":{"start":{"line":3,"column":15},"end":{"line":3,"column":17}},"3":{"start":{"line":4,"column":2},"end":{"line":6,"column":null}},"4":{"start":{"line":4,"column":16},"end":{"line":4,"column":17}},"5":{"start":{"line":5,"column":4},"end":{"line":5,"column":62}},"6":{"start":{"line":7,"column":2},"end":{"line":7,"column":31}},"7":{"start":{"line":1,"column":13},"end":{"line":1,"column":29}}},"fnMap":{"0":{"name":"(anonymous_0)","decl":{"start":{"line":1,"column":29},"end":{"line":1,"column":32}},"loc":{"start":{"line":1,"column":34},"end":{"line":8,"column":1}}}},"branchMap":{},"s":{"0":1,"1":1,"2":1,"3":1,"4":1,"5":15,"6":1,"7":1},"f":{"0":1},"b":{}}
,"/Users/takiacademy/Desktop/Ostedhy/backend/src/utils/logging.ts": {"path":"/Users/takiacademy/Desktop/Ostedhy/backend/src/utils/logging.ts","statementMap":{"0":{"start":{"line":1,"column":0},"end":{"line":1,"column":30}},"1":{"start":{"line":2,"column":0},"end":{"line":2,"column":47}},"2":{"start":{"line":4,"column":44},"end":{"line":4,"column":50}},"3":{"start":{"line":5,"column":17},"end":{"line":5,"column":40}},"4":{"start":{"line":7,"column":14},"end":{"line":14,"column":2}},"5":{"start":{"line":16,"column":15},"end":{"line":31,"column":2}},"6":{"start":{"line":33,"column":0},"end":{"line":33,"column":22}}},"fnMap":{},"branchMap":{},"s":{"0":8,"1":8,"2":8,"3":8,"4":8,"5":8,"6":8},"f":{},"b":{}}
,"/Users/takiacademy/Desktop/Ostedhy/backend/src/utils/refreshtoken.ts": {"path":"/Users/takiacademy/Desktop/Ostedhy/backend/src/utils/refreshtoken.ts","statementMap":{"0":{"start":{"line":5,"column":0},"end":{"line":5,"column":42}},"1":{"start":{"line":7,"column":0},"end":{"line":7,"column":36}},"2":{"start":{"line":8,"column":0},"end":{"line":8,"column":69}},"3":{"start":{"line":10,"column":34},"end":{"line":25,"column":1}},"4":{"start":{"line":11,"column":18},"end":{"line":11,"column":28}},"5":{"start":{"line":12,"column":2},"end":{"line":14,"column":4}},"6":{"start":{"line":16,"column":15},"end":{"line":16,"column":23}},"7":{"start":{"line":18,"column":21},"end":{"line":22,"column":4}},"8":{"start":{"line":24,"column":2},"end":{"line":24,"column":28}},"9":{"start":{"line":10,"column":13},"end":{"line":10,"column":34}},"10":{"start":{"line":27,"column":32},"end":{"line":29,"column":1}},"11":{"start":{"line":28,"column":2},"end":{"line":28,"column":66}},"12":{"start":{"line":27,"column":13},"end":{"line":27,"column":32}}},"fnMap":{"0":{"name":"(anonymous_0)","decl":{"start":{"line":10,"column":34},"end":{"line":10,"column":39}},"loc":{"start":{"line":10,"column":68},"end":{"line":25,"column":1}}},"1":{"name":"(anonymous_1)","decl":{"start":{"line":27,"column":32},"end":{"line":27,"column":33}},"loc":{"start":{"line":27,"column":63},"end":{"line":29,"column":1}}}},"branchMap":{},"s":{"0":7,"1":7,"2":7,"3":7,"4":3,"5":3,"6":3,"7":3,"8":3,"9":7,"10":7,"11":2,"12":7},"f":{"0":3,"1":2},"b":{}}
,"/Users/takiacademy/Desktop/Ostedhy/backend/src/utils/sendEmail.ts": {"path":"/Users/takiacademy/Desktop/Ostedhy/backend/src/utils/sendEmail.ts","statementMap":{"0":{"start":{"line":1,"column":0},"end":{"line":1,"column":52}},"1":{"start":{"line":5,"column":16},"end":{"line":7,"column":2}},"2":{"start":{"line":9,"column":24},"end":{"line":25,"column":1}},"3":{"start":{"line":10,"column":2},"end":{"line":24,"column":5}},"4":{"start":{"line":9,"column":13},"end":{"line":9,"column":24}},"5":{"start":{"line":27,"column":23},"end":{"line":43,"column":1}},"6":{"start":{"line":27,"column":13},"end":{"line":27,"column":23}}},"fnMap":{"0":{"name":"(anonymous_0)","decl":{"start":{"line":9,"column":24},"end":{"line":9,"column":29}},"loc":{"start":{"line":9,"column":77},"end":{"line":25,"column":1}}},"1":{"name":"(anonymous_1)","decl":{"start":{"line":27,"column":23},"end":{"line":27,"column":28}},"loc":{"start":{"line":27,"column":76},"end":{"line":43,"column":1}}}},"branchMap":{},"s":{"0":7,"1":7,"2":7,"3":3,"4":7,"5":7,"6":7},"f":{"0":3,"1":1},"b":{}}
,"/Users/takiacademy/Desktop/Ostedhy/backend/src/utils/validation.ts": {"path":"/Users/takiacademy/Desktop/Ostedhy/backend/src/utils/validation.ts","statementMap":{"0":{"start":{"line":3,"column":0},"end":{"line":3,"column":60}},"1":{"start":{"line":6,"column":2},"end":{"line":28,"column":null}},"2":{"start":{"line":8,"column":6},"end":{"line":18,"column":8}},"3":{"start":{"line":20,"column":6},"end":{"line":24,"column":8}},"4":{"start":{"line":27,"column":6},"end":{"line":27,"column":16}},"5":{"start":{"line":5,"column":0},"end":{"line":5,"column":16}},"6":{"start":{"line":36,"column":17},"end":{"line":36,"column":38}},"7":{"start":{"line":37,"column":2},"end":{"line":39,"column":null}},"8":{"start":{"line":38,"column":4},"end":{"line":38,"column":18}},"9":{"start":{"line":41,"column":2},"end":{"line":46,"column":5}},"10":{"start":{"line":31,"column":0},"end":{"line":31,"column":16}}},"fnMap":{"0":{"name":"createValidationFor","decl":{"start":{"line":5,"column":16},"end":{"line":5,"column":35}},"loc":{"start":{"line":5,"column":49},"end":{"line":29,"column":1}}},"1":{"name":"checkValidationResult","decl":{"start":{"line":31,"column":16},"end":{"line":31,"column":37}},"loc":{"start":{"line":34,"column":20},"end":{"line":47,"column":1}}}},"branchMap":{"0":{"loc":{"start":{"line":6,"column":2},"end":{"line":28,"column":null}},"type":"switch","locations":[{"start":{"line":7,"column":4},"end":{"line":18,"column":8}},{"start":{"line":19,"column":4},"end":{"line":24,"column":8}},{"start":{"line":26,"column":4},"end":{"line":27,"column":16}}]},"1":{"loc":{"start":{"line":37,"column":2},"end":{"line":39,"column":null}},"type":"if","locations":[{"start":{"line":37,"column":2},"end":{"line":39,"column":null}}]}},"s":{"0":6,"1":12,"2":6,"3":6,"4":0,"5":6,"6":4,"7":4,"8":4,"9":0,"10":6},"f":{"0":12,"1":4},"b":{"0":[6,6,0],"1":[4]}}
}
