TN:
SF:src/app.ts
FNF:0
FNH:0
DA:2,6
DA:3,6
DA:4,6
DA:5,6
DA:6,6
DA:7,6
DA:9,6
DA:11,6
DA:13,6
DA:20,6
DA:21,6
DA:23,6
DA:24,6
DA:26,6
DA:27,6
DA:28,6
LF:16
LH:16
BRF:0
BRH:0
end_of_record
TN:
SF:src/config/config.ts
FNF:0
FNH:0
DA:1,8
DA:3,8
DA:5,8
DA:6,8
DA:7,8
DA:8,8
DA:10,8
DA:16,8
DA:17,8
DA:18,8
DA:19,8
DA:21,8
DA:22,8
DA:23,8
DA:25,8
DA:27,8
DA:41,8
LF:17
LH:17
BRDA:5,0,0,8
BRDA:5,0,1,8
BRDA:6,1,0,8
BRDA:6,1,1,8
BRDA:7,2,0,8
BRDA:7,2,1,8
BRDA:8,3,0,8
BRDA:8,3,1,8
BRDA:17,4,0,8
BRDA:17,4,1,8
BRDA:18,5,0,8
BRDA:18,5,1,8
BRDA:19,6,0,8
BRDA:19,6,1,8
BRDA:21,7,0,8
BRDA:21,7,1,8
BRDA:22,8,0,8
BRDA:22,8,1,8
BRDA:23,9,0,8
BRDA:23,9,1,8
BRDA:25,10,0,8
BRDA:25,10,1,8
BRF:22
BRH:22
end_of_record
TN:
SF:src/controllers/auth.controller.ts
FN:10,(anonymous_1)
FN:21,(anonymous_2)
FN:34,(anonymous_3)
FN:49,(anonymous_4)
FN:60,(anonymous_5)
FN:68,(anonymous_6)
FN:81,(anonymous_7)
FN:91,(anonymous_8)
FN:101,(anonymous_9)
FNF:9
FNH:7
FNDA:0,(anonymous_1)
FNDA:2,(anonymous_2)
FNDA:2,(anonymous_3)
FNDA:1,(anonymous_4)
FNDA:1,(anonymous_5)
FNDA:1,(anonymous_6)
FNDA:1,(anonymous_7)
FNDA:1,(anonymous_8)
FNDA:0,(anonymous_9)
DA:1,6
DA:2,6
DA:3,6
DA:5,6
DA:6,6
DA:8,6
DA:10,6
DA:15,0
DA:16,0
DA:17,0
DA:20,6
DA:22,2
DA:24,2
DA:28,1
DA:29,1
DA:33,6
DA:35,2
DA:36,2
DA:37,2
DA:38,1
DA:44,1
DA:48,6
DA:50,1
DA:51,1
DA:53,1
DA:54,0
DA:55,0
DA:59,6
DA:61,1
DA:62,1
DA:63,1
DA:64,1
DA:67,6
DA:69,1
DA:71,1
DA:75,0
DA:76,0
DA:80,6
DA:82,1
DA:84,1
DA:85,1
DA:86,1
DA:90,6
DA:92,1
DA:94,1
DA:95,0
DA:96,0
DA:100,6
DA:102,0
DA:104,0
DA:108,0
DA:109,0
LF:52
LH:39
BRDA:24,0,0,0
BRDA:24,0,1,2
BRF:2
BRH:1
end_of_record
TN:
SF:src/controllers/chapter.controller.ts
FN:11,(anonymous_1)
FN:20,(anonymous_2)
FN:29,(anonymous_3)
FN:39,(anonymous_4)
FN:52,(anonymous_5)
FN:62,(anonymous_6)
FN:72,(anonymous_7)
FNF:7
FNH:7
FNDA:1,(anonymous_1)
FNDA:1,(anonymous_2)
FNDA:1,(anonymous_3)
FNDA:1,(anonymous_4)
FNDA:1,(anonymous_5)
FNDA:1,(anonymous_6)
FNDA:1,(anonymous_7)
DA:2,6
DA:3,6
DA:4,6
DA:5,6
DA:6,6
DA:8,6
DA:10,6
DA:12,1
DA:13,1
DA:14,1
DA:15,1
DA:19,6
DA:21,1
DA:22,1
DA:23,1
DA:24,1
DA:28,6
DA:30,1
DA:32,1
DA:33,1
DA:34,1
DA:38,6
DA:40,1
DA:42,1
DA:47,1
DA:48,1
DA:51,6
DA:53,1
DA:55,1
DA:56,1
DA:57,1
DA:61,6
DA:63,1
DA:65,1
DA:66,1
DA:67,1
DA:71,6
DA:73,1
DA:75,1
DA:76,1
DA:77,1
LF:41
LH:41
BRF:0
BRH:0
end_of_record
TN:
SF:src/controllers/class.controller.ts
FN:10,(anonymous_1)
FN:19,(anonymous_2)
FN:29,(anonymous_3)
FN:39,(anonymous_4)
FN:48,(anonymous_5)
FNF:5
FNH:5
FNDA:1,(anonymous_1)
FNDA:1,(anonymous_2)
FNDA:1,(anonymous_3)
FNDA:1,(anonymous_4)
FNDA:1,(anonymous_5)
DA:2,6
DA:3,6
DA:4,6
DA:5,6
DA:7,6
DA:9,6
DA:11,1
DA:12,1
DA:13,1
DA:14,1
DA:18,6
DA:20,1
DA:22,1
DA:23,1
DA:24,1
DA:28,6
DA:30,1
DA:32,1
DA:33,1
DA:34,1
DA:38,6
DA:40,1
DA:42,1
DA:43,1
DA:44,1
DA:47,6
DA:49,1
DA:51,1
DA:52,1
DA:53,1
LF:30
LH:30
BRF:0
BRH:0
end_of_record
TN:
SF:src/controllers/governement.controller.ts
FN:10,(anonymous_1)
FN:20,(anonymous_2)
FN:30,(anonymous_3)
FN:40,(anonymous_4)
FN:53,(anonymous_5)
FNF:5
FNH:5
FNDA:1,(anonymous_1)
FNDA:1,(anonymous_2)
FNDA:1,(anonymous_3)
FNDA:1,(anonymous_4)
FNDA:1,(anonymous_5)
DA:2,6
DA:3,6
DA:4,6
DA:5,6
DA:7,6
DA:9,6
DA:11,1
DA:13,1
DA:14,1
DA:15,1
DA:19,6
DA:21,1
DA:23,1
DA:24,1
DA:25,1
DA:29,6
DA:31,1
DA:33,1
DA:34,1
DA:35,1
DA:39,6
DA:41,1
DA:43,1
DA:48,1
DA:49,1
DA:52,6
DA:54,1
DA:56,1
DA:57,1
DA:58,1
LF:30
LH:30
BRF:0
BRH:0
end_of_record
TN:
SF:src/controllers/student.controller.ts
FN:9,(anonymous_1)
FN:23,(anonymous_2)
FN:33,(anonymous_3)
FN:44,(anonymous_4)
FN:53,(anonymous_5)
FNF:5
FNH:3
FNDA:1,(anonymous_1)
FNDA:1,(anonymous_2)
FNDA:1,(anonymous_3)
FNDA:0,(anonymous_4)
FNDA:0,(anonymous_5)
DA:1,6
DA:2,6
DA:4,6
DA:6,6
DA:8,6
DA:10,1
DA:12,1
DA:16,0
DA:18,0
DA:22,6
DA:24,1
DA:26,1
DA:27,1
DA:29,1
DA:32,6
DA:34,1
DA:36,1
DA:37,1
DA:39,1
DA:43,6
DA:45,0
DA:46,0
DA:47,0
DA:48,0
DA:52,6
DA:54,0
DA:56,0
DA:57,0
DA:59,0
LF:29
LH:19
BRF:0
BRH:0
end_of_record
TN:
SF:src/controllers/subject.controller.ts
FN:12,(anonymous_1)
FN:22,(anonymous_2)
FN:32,(anonymous_3)
FN:42,(anonymous_4)
FN:55,(anonymous_5)
FNF:5
FNH:5
FNDA:1,(anonymous_1)
FNDA:1,(anonymous_2)
FNDA:1,(anonymous_3)
FNDA:1,(anonymous_4)
FNDA:1,(anonymous_5)
DA:3,6
DA:5,6
DA:6,6
DA:7,6
DA:9,6
DA:11,6
DA:13,1
DA:15,1
DA:16,1
DA:17,1
DA:21,6
DA:23,1
DA:25,1
DA:26,1
DA:27,1
DA:31,6
DA:33,1
DA:35,1
DA:36,1
DA:37,1
DA:41,6
DA:43,1
DA:45,1
DA:50,1
DA:51,1
DA:54,6
DA:56,1
DA:58,1
DA:59,1
DA:60,1
LF:30
LH:30
BRF:0
BRH:0
end_of_record
TN:
SF:src/database/models/Teacher.model.ts
FN:76,(anonymous_2)
FN:79,(anonymous_3)
FN:82,(anonymous_4)
FN:86,(anonymous_5)
FNF:4
FNH:4
FNDA:16,(anonymous_2)
FNDA:16,(anonymous_3)
FNDA:16,(anonymous_4)
FNDA:16,(anonymous_5)
DA:1,8
DA:2,8
DA:3,8
DA:14,8
DA:20,8
DA:21,8
DA:26,8
DA:31,8
DA:36,8
DA:41,8
DA:47,8
DA:53,8
DA:60,8
DA:66,8
DA:76,16
DA:79,16
DA:82,16
DA:86,16
LF:18
LH:18
BRF:0
BRH:0
end_of_record
TN:
SF:src/database/models/chapter.model.ts
FN:70,(anonymous_2)
FN:70,(anonymous_3)
FN:73,(anonymous_4)
FN:77,(anonymous_5)
FNF:4
FNH:4
FNDA:16,(anonymous_2)
FNDA:8,(anonymous_3)
FNDA:16,(anonymous_4)
FNDA:16,(anonymous_5)
DA:1,8
DA:2,8
DA:3,8
DA:12,8
DA:18,8
DA:19,8
DA:25,8
DA:31,8
DA:37,8
DA:43,8
DA:49,8
DA:55,8
DA:60,8
DA:70,16
DA:73,16
DA:77,16
LF:16
LH:16
BRF:0
BRH:0
end_of_record
TN:
SF:src/database/models/chapterStudent.model.ts
FN:10,(anonymous_2)
FN:14,(anonymous_3)
FNF:2
FNH:2
FNDA:48,(anonymous_2)
FNDA:16,(anonymous_3)
DA:1,8
DA:2,8
DA:3,8
DA:9,8
DA:10,48
DA:14,16
LF:6
LH:6
BRF:0
BRH:0
end_of_record
TN:
SF:src/database/models/class.model.ts
FN:28,(anonymous_2)
FN:31,(anonymous_3)
FN:34,(anonymous_4)
FN:36,(anonymous_5)
FNF:4
FNH:4
FNDA:16,(anonymous_2)
FNDA:16,(anonymous_3)
FNDA:16,(anonymous_4)
FNDA:16,(anonymous_5)
DA:1,8
DA:2,8
DA:11,8
DA:12,8
DA:18,8
DA:19,8
DA:28,16
DA:31,16
DA:34,16
DA:36,16
LF:10
LH:10
BRF:0
BRH:0
end_of_record
TN:
SF:src/database/models/governement.model.ts
FN:29,(anonymous_2)
FN:32,(anonymous_3)
FNF:2
FNH:2
FNDA:16,(anonymous_2)
FNDA:16,(anonymous_3)
DA:1,8
DA:2,8
DA:3,8
DA:17,8
DA:18,8
DA:29,16
DA:32,16
LF:7
LH:7
BRF:0
BRH:0
end_of_record
TN:
SF:src/database/models/refreshToken.model.ts
FNF:0
FNH:0
DA:1,8
DA:7,8
DA:8,8
DA:13,8
DA:18,8
LF:5
LH:5
BRF:0
BRH:0
end_of_record
TN:
SF:src/database/models/students.model.ts
FN:90,(anonymous_2)
FN:90,(anonymous_3)
FN:93,(anonymous_4)
FN:93,(anonymous_5)
FN:96,(anonymous_6)
FN:100,(anonymous_7)
FN:103,(anonymous_8)
FN:107,(anonymous_9)
FN:21,(anonymous_10)
FNF:9
FNH:9
FNDA:16,(anonymous_2)
FNDA:8,(anonymous_3)
FNDA:16,(anonymous_4)
FNDA:8,(anonymous_5)
FNDA:48,(anonymous_6)
FNDA:16,(anonymous_7)
FNDA:16,(anonymous_8)
FNDA:16,(anonymous_9)
FNDA:8,(anonymous_10)
DA:1,8
DA:2,8
DA:3,8
DA:4,8
DA:17,8
DA:18,8
DA:19,8
DA:21,8
DA:30,8
DA:31,8
DA:36,8
DA:41,8
DA:46,8
DA:52,8
DA:58,8
DA:65,8
DA:70,8
DA:76,8
DA:81,8
DA:90,16
DA:93,16
DA:96,48
DA:100,16
DA:103,16
DA:107,16
LF:25
LH:25
BRF:0
BRH:0
end_of_record
TN:
SF:src/database/models/subject.model.ts
FN:48,(anonymous_2)
FN:48,(anonymous_3)
FN:51,(anonymous_4)
FN:54,(anonymous_5)
FN:58,(anonymous_6)
FN:61,(anonymous_7)
FN:65,(anonymous_8)
FNF:7
FNH:7
FNDA:17,(anonymous_2)
FNDA:8,(anonymous_3)
FNDA:17,(anonymous_4)
FNDA:48,(anonymous_5)
FNDA:17,(anonymous_6)
FNDA:16,(anonymous_7)
FNDA:17,(anonymous_8)
DA:1,8
DA:2,8
DA:3,8
DA:4,8
DA:14,8
DA:15,8
DA:21,8
DA:22,8
DA:28,8
DA:33,8
DA:38,8
DA:48,17
DA:51,17
DA:54,48
DA:58,17
DA:61,16
DA:65,17
LF:17
LH:17
BRF:0
BRH:0
end_of_record
TN:
SF:src/database/models/subjectStudent.ts
FN:10,(anonymous_2)
FN:14,(anonymous_3)
FNF:2
FNH:2
FNDA:48,(anonymous_2)
FNDA:16,(anonymous_3)
DA:1,8
DA:2,8
DA:3,8
DA:9,8
DA:10,48
DA:14,16
LF:6
LH:6
BRF:0
BRH:0
end_of_record
TN:
SF:src/database/models/test.model.ts
FNF:0
FNH:0
DA:1,8
DA:15,8
DA:16,8
LF:3
LH:3
BRF:0
BRH:0
end_of_record
TN:
SF:src/database/models/verifications.ts
FN:56,(anonymous_2)
FNF:1
FNH:1
FNDA:3,(anonymous_2)
DA:1,8
DA:4,8
DA:10,8
DA:11,8
DA:15,8
DA:20,8
DA:25,8
DA:30,8
DA:35,8
DA:40,8
DA:45,8
DA:50,8
DA:56,8
DA:57,3
DA:58,3
DA:59,3
LF:16
LH:16
BRF:0
BRH:0
end_of_record
TN:
SF:src/database/repositories/chapter.database.ts
FN:6,(anonymous_1)
FN:17,(anonymous_2)
FNF:2
FNH:2
FNDA:1,(anonymous_1)
FNDA:1,(anonymous_2)
DA:1,6
DA:2,6
DA:4,6
DA:6,6
DA:7,1
DA:9,1
DA:13,1
DA:14,1
DA:17,6
DA:18,1
DA:20,1
DA:24,1
DA:25,1
DA:28,6
LF:14
LH:14
BRF:0
BRH:0
end_of_record
TN:
SF:src/database/repositories/factory.ts
FN:10,(anonymous_1)
FN:18,(anonymous_2)
FN:25,(anonymous_3)
FN:31,(anonymous_4)
FN:39,(anonymous_5)
FN:50,(anonymous_6)
FN:56,(anonymous_7)
FN:65,(anonymous_8)
FNF:8
FNH:7
FNDA:4,(anonymous_1)
FNDA:4,(anonymous_2)
FNDA:0,(anonymous_3)
FNDA:5,(anonymous_4)
FNDA:6,(anonymous_5)
FNDA:4,(anonymous_6)
FNDA:1,(anonymous_7)
FNDA:1,(anonymous_8)
DA:1,7
DA:4,7
DA:6,7
DA:8,7
DA:10,7
DA:11,4
DA:13,4
DA:15,4
DA:18,7
DA:19,4
DA:21,4
DA:22,4
DA:25,7
DA:26,0
DA:28,0
DA:29,0
DA:31,7
DA:32,5
DA:34,5
DA:35,5
DA:36,5
DA:39,7
DA:40,6
DA:42,6
DA:43,6
DA:45,6
DA:50,7
DA:51,4
DA:53,4
DA:54,4
DA:56,7
DA:57,1
DA:59,1
DA:63,1
DA:65,7
DA:66,1
DA:68,1
DA:70,1
DA:73,7
LF:39
LH:36
BRF:0
BRH:0
end_of_record
TN:
SF:src/database/repositories/user.database.ts
FN:11,(anonymous_1)
FN:18,(anonymous_2)
FN:26,(anonymous_3)
FN:51,(anonymous_4)
FN:58,(anonymous_5)
FN:72,(anonymous_6)
FN:83,(anonymous_7)
FNF:7
FNH:6
FNDA:3,(anonymous_1)
FNDA:2,(anonymous_2)
FNDA:12,(anonymous_3)
FNDA:1,(anonymous_4)
FNDA:3,(anonymous_5)
FNDA:3,(anonymous_6)
FNDA:0,(anonymous_7)
DA:2,7
DA:3,7
DA:4,7
DA:5,7
DA:6,7
DA:7,7
DA:9,7
DA:11,7
DA:12,3
DA:14,3
DA:16,2
DA:18,7
DA:19,2
DA:21,2
DA:23,2
DA:26,7
DA:27,12
DA:31,12
DA:39,12
DA:40,11
DA:48,12
DA:51,7
DA:52,1
DA:54,1
DA:56,1
DA:58,7
DA:59,3
DA:62,3
DA:63,0
DA:64,0
DA:65,0
DA:67,3
DA:68,3
DA:69,3
DA:72,7
DA:73,3
DA:75,3
DA:78,3
DA:79,0
DA:81,3
DA:83,7
DA:84,0
DA:86,0
DA:89,7
LF:44
LH:38
BRDA:31,0,0,10
BRDA:31,0,1,2
BRDA:39,1,0,11
BRDA:40,2,0,10
BRDA:40,2,1,1
BRDA:62,3,0,0
BRDA:78,4,0,0
BRF:7
BRH:5
end_of_record
TN:
SF:src/database/repositories/verification.database.ts
FN:9,(anonymous_1)
FN:17,(anonymous_2)
FN:25,(anonymous_3)
FN:32,(anonymous_4)
FNF:4
FNH:3
FNDA:2,(anonymous_1)
FNDA:2,(anonymous_2)
FNDA:0,(anonymous_3)
FNDA:2,(anonymous_4)
DA:4,7
DA:5,7
DA:7,7
DA:9,7
DA:10,2
DA:12,2
DA:14,2
DA:17,7
DA:18,2
DA:20,2
DA:22,2
DA:25,7
DA:26,0
DA:28,0
DA:30,0
DA:32,7
DA:33,2
DA:35,2
DA:36,2
DA:37,2
DA:40,7
LF:21
LH:18
BRF:0
BRH:0
end_of_record
TN:
SF:src/docs/components.ts
FNF:0
FNH:0
DA:1,6
LF:1
LH:1
BRF:0
BRH:0
end_of_record
TN:
SF:src/docs/generalinfo.ts
FNF:0
FNH:0
DA:1,6
LF:1
LH:1
BRF:0
BRH:0
end_of_record
TN:
SF:src/docs/index.ts
FNF:0
FNH:0
DA:1,6
DA:2,6
DA:3,6
DA:4,6
DA:5,6
DA:6,6
DA:7,6
DA:8,6
DA:9,6
DA:10,6
DA:11,6
LF:11
LH:11
BRF:0
BRH:0
end_of_record
TN:
SF:src/docs/server.ts
FNF:0
FNH:0
DA:1,6
LF:1
LH:1
BRF:0
BRH:0
end_of_record
TN:
SF:src/docs/tags.ts
FNF:0
FNH:0
DA:1,6
LF:1
LH:1
BRF:0
BRH:0
end_of_record
TN:
SF:src/docs/auth/index.ts
FNF:0
FNH:0
DA:1,6
DA:2,6
DA:3,6
DA:4,6
DA:5,6
DA:6,6
DA:7,6
DA:8,6
LF:8
LH:8
BRF:0
BRH:0
end_of_record
TN:
SF:src/docs/auth/login.ts
FNF:0
FNH:0
DA:1,6
LF:1
LH:1
BRF:0
BRH:0
end_of_record
TN:
SF:src/docs/auth/refreshToken.ts
FNF:0
FNH:0
DA:1,6
LF:1
LH:1
BRF:0
BRH:0
end_of_record
TN:
SF:src/docs/auth/register.ts
FNF:0
FNH:0
DA:1,6
LF:1
LH:1
BRF:0
BRH:0
end_of_record
TN:
SF:src/docs/auth/requestcodevalidation.ts
FNF:0
FNH:0
DA:1,6
LF:1
LH:1
BRF:0
BRH:0
end_of_record
TN:
SF:src/docs/auth/requestresetpassword.ts
FNF:0
FNH:0
DA:1,6
LF:1
LH:1
BRF:0
BRH:0
end_of_record
TN:
SF:src/docs/auth/resetpassword.ts
FNF:0
FNH:0
DA:1,6
LF:1
LH:1
BRF:0
BRH:0
end_of_record
TN:
SF:src/docs/auth/verifyaccount.ts
FNF:0
FNH:0
DA:1,6
LF:1
LH:1
BRF:0
BRH:0
end_of_record
TN:
SF:src/docs/chapter/createOne.ts
FNF:0
FNH:0
DA:1,6
LF:1
LH:1
BRF:0
BRH:0
end_of_record
TN:
SF:src/docs/chapter/deleteOne.ts
FNF:0
FNH:0
DA:1,6
LF:1
LH:1
BRF:0
BRH:0
end_of_record
TN:
SF:src/docs/chapter/getAll.ts
FNF:0
FNH:0
DA:1,6
LF:1
LH:1
BRF:0
BRH:0
end_of_record
TN:
SF:src/docs/chapter/getOne.ts
FNF:0
FNH:0
DA:1,6
LF:1
LH:1
BRF:0
BRH:0
end_of_record
TN:
SF:src/docs/chapter/index.ts
FNF:0
FNH:0
DA:1,6
DA:2,6
DA:3,6
DA:4,6
DA:5,6
DA:7,6
LF:6
LH:6
BRF:0
BRH:0
end_of_record
TN:
SF:src/docs/chapter/updateOne.ts
FNF:0
FNH:0
DA:1,6
LF:1
LH:1
BRF:0
BRH:0
end_of_record
TN:
SF:src/docs/class/createOne.ts
FNF:0
FNH:0
DA:1,6
LF:1
LH:1
BRF:0
BRH:0
end_of_record
TN:
SF:src/docs/class/deletOne.ts
FNF:0
FNH:0
DA:1,6
LF:1
LH:1
BRF:0
BRH:0
end_of_record
TN:
SF:src/docs/class/getAll.ts
FNF:0
FNH:0
DA:1,6
LF:1
LH:1
BRF:0
BRH:0
end_of_record
TN:
SF:src/docs/class/getOne.ts
FNF:0
FNH:0
DA:1,6
LF:1
LH:1
BRF:0
BRH:0
end_of_record
TN:
SF:src/docs/class/index.ts
FNF:0
FNH:0
DA:1,6
DA:2,6
DA:3,6
DA:4,6
DA:5,6
DA:7,6
LF:6
LH:6
BRF:0
BRH:0
end_of_record
TN:
SF:src/docs/class/updateOne.ts
FNF:0
FNH:0
DA:1,6
LF:1
LH:1
BRF:0
BRH:0
end_of_record
TN:
SF:src/docs/government/createOne.ts
FNF:0
FNH:0
DA:1,6
LF:1
LH:1
BRF:0
BRH:0
end_of_record
TN:
SF:src/docs/government/deleteOne.ts
FNF:0
FNH:0
DA:1,6
LF:1
LH:1
BRF:0
BRH:0
end_of_record
TN:
SF:src/docs/government/getAll.ts
FNF:0
FNH:0
DA:1,6
LF:1
LH:1
BRF:0
BRH:0
end_of_record
TN:
SF:src/docs/government/getOne.ts
FNF:0
FNH:0
DA:1,6
LF:1
LH:1
BRF:0
BRH:0
end_of_record
TN:
SF:src/docs/government/index.ts
FNF:0
FNH:0
DA:1,6
DA:2,6
DA:3,6
DA:4,6
DA:5,6
DA:7,6
LF:6
LH:6
BRF:0
BRH:0
end_of_record
TN:
SF:src/docs/government/updateOne.ts
FNF:0
FNH:0
DA:1,6
LF:1
LH:1
BRF:0
BRH:0
end_of_record
TN:
SF:src/docs/student/index.ts
FNF:0
FNH:0
DA:1,6
DA:2,6
DA:3,6
DA:4,6
DA:6,6
LF:5
LH:5
BRF:0
BRH:0
end_of_record
TN:
SF:src/docs/student/subscribeChapter.ts
FNF:0
FNH:0
DA:1,6
LF:1
LH:1
BRF:0
BRH:0
end_of_record
TN:
SF:src/docs/student/subscribeSubject.ts
FNF:0
FNH:0
DA:1,6
LF:1
LH:1
BRF:0
BRH:0
end_of_record
TN:
SF:src/docs/student/updateProfile.ts
FNF:0
FNH:0
DA:1,6
LF:1
LH:1
BRF:0
BRH:0
end_of_record
TN:
SF:src/docs/student/uploadAvatar.ts
FNF:0
FNH:0
DA:2,6
LF:1
LH:1
BRF:0
BRH:0
end_of_record
TN:
SF:src/docs/subject/createOne.ts
FNF:0
FNH:0
DA:1,6
LF:1
LH:1
BRF:0
BRH:0
end_of_record
TN:
SF:src/docs/subject/deleteOne.ts
FNF:0
FNH:0
DA:1,6
LF:1
LH:1
BRF:0
BRH:0
end_of_record
TN:
SF:src/docs/subject/getAll.ts
FNF:0
FNH:0
DA:1,6
LF:1
LH:1
BRF:0
BRH:0
end_of_record
TN:
SF:src/docs/subject/getOne.ts
FNF:0
FNH:0
DA:1,6
LF:1
LH:1
BRF:0
BRH:0
end_of_record
TN:
SF:src/docs/subject/index.ts
FNF:0
FNH:0
DA:1,6
DA:2,6
DA:3,6
DA:4,6
DA:5,6
DA:7,6
LF:6
LH:6
BRF:0
BRH:0
end_of_record
TN:
SF:src/docs/subject/updateOne.ts
FNF:0
FNH:0
DA:1,6
LF:1
LH:1
BRF:0
BRH:0
end_of_record
TN:
SF:src/middleware/auth.ts
FN:6,(anonymous_1)
FN:15,(anonymous_2)
FNF:2
FNH:2
FNDA:3,(anonymous_1)
FNDA:3,(anonymous_2)
DA:2,6
DA:3,6
DA:4,6
DA:6,6
DA:7,3
DA:8,3
DA:10,3
DA:11,3
DA:16,3
DA:17,0
DA:21,3
DA:22,3
DA:27,0
DA:34,6
LF:14
LH:12
BRDA:10,0,0,3
BRDA:10,0,1,0
BRDA:16,1,0,0
BRDA:16,1,1,3
BRF:4
BRH:2
end_of_record
TN:
SF:src/middleware/errorHandler.ts
FN:5,(anonymous_0)
FNF:1
FNH:1
FNDA:6,(anonymous_0)
DA:1,6
DA:2,6
DA:5,6
DA:11,6
DA:12,5
DA:13,5
DA:16,1
LF:7
LH:7
BRDA:11,0,0,5
BRDA:12,1,0,5
BRDA:12,1,1,0
BRDA:16,2,0,1
BRDA:16,2,1,0
BRDA:19,3,0,1
BRDA:19,3,1,0
BRF:7
BRH:4
end_of_record
TN:
SF:src/middleware/upload.ts
FN:6,(anonymous_1)
FN:18,(anonymous_2)
FN:21,(anonymous_3)
FNF:3
FNH:0
FNDA:0,(anonymous_1)
FNDA:0,(anonymous_2)
FNDA:0,(anonymous_3)
DA:2,6
DA:3,6
DA:4,6
DA:6,6
DA:7,0
DA:9,0
DA:10,0
DA:11,0
DA:13,0
DA:17,6
DA:19,0
DA:22,0
DA:26,6
DA:28,6
LF:14
LH:7
BRDA:10,0,0,0
BRDA:10,0,1,0
BRF:2
BRH:0
end_of_record
TN:
SF:src/routes/index.ts
FN:20,(anonymous_1)
FNF:1
FNH:0
FNDA:0,(anonymous_1)
DA:1,6
DA:2,6
DA:3,6
DA:4,6
DA:5,6
DA:6,6
DA:7,6
DA:8,6
DA:9,6
DA:10,6
DA:11,6
DA:13,6
DA:14,6
DA:15,6
DA:16,6
DA:17,6
DA:18,6
DA:19,6
DA:20,6
DA:21,0
DA:22,0
DA:24,6
LF:22
LH:20
BRF:0
BRH:0
end_of_record
TN:
SF:src/routes/apis/auth.ts
FNF:0
FNH:0
DA:1,6
DA:13,6
DA:15,6
DA:19,6
DA:20,6
DA:22,6
DA:28,6
DA:34,6
DA:35,6
DA:36,6
DA:37,6
DA:38,6
DA:39,6
DA:40,6
DA:41,6
LF:15
LH:15
BRF:0
BRH:0
end_of_record
TN:
SF:src/routes/apis/chapter.ts
FNF:0
FNH:0
DA:1,6
DA:11,6
DA:14,6
DA:16,6
DA:21,6
DA:22,6
DA:27,6
DA:28,6
DA:29,6
DA:30,6
DA:32,6
LF:11
LH:11
BRF:0
BRH:0
end_of_record
TN:
SF:src/routes/apis/class.ts
FNF:0
FNH:0
DA:1,6
DA:2,6
DA:8,6
DA:12,6
DA:14,6
DA:20,6
DA:21,6
DA:26,6
DA:27,6
DA:29,6
LF:10
LH:10
BRF:0
BRH:0
end_of_record
TN:
SF:src/routes/apis/governement.ts
FNF:0
FNH:0
DA:1,6
DA:9,6
DA:15,6
DA:17,6
DA:22,6
DA:23,6
DA:28,6
DA:29,6
DA:31,6
LF:9
LH:9
BRF:0
BRH:0
end_of_record
TN:
SF:src/routes/apis/student.ts
FNF:0
FNH:0
DA:1,6
DA:9,6
DA:11,6
DA:12,6
DA:14,6
DA:15,6
DA:16,6
DA:17,6
DA:18,6
DA:19,6
LF:10
LH:10
BRF:0
BRH:0
end_of_record
TN:
SF:src/routes/apis/subject.ts
FNF:0
FNH:0
DA:1,6
DA:9,6
DA:12,6
DA:14,6
DA:19,6
DA:20,6
DA:25,6
DA:26,6
DA:31,6
LF:9
LH:9
BRF:0
BRH:0
end_of_record
TN:
SF:src/services/auth.service.ts
FN:20,(anonymous_1)
FN:30,(anonymous_2)
FN:62,(anonymous_3)
FN:100,(anonymous_4)
FN:133,(anonymous_5)
FN:238,(anonymous_6)
FN:274,(anonymous_7)
FN:314,(anonymous_8)
FN:334,(anonymous_9)
FNF:9
FNH:7
FNDA:0,(anonymous_1)
FNDA:2,(anonymous_2)
FNDA:4,(anonymous_3)
FNDA:3,(anonymous_4)
FNDA:3,(anonymous_5)
FNDA:2,(anonymous_6)
FNDA:4,(anonymous_7)
FNDA:2,(anonymous_8)
FNDA:0,(anonymous_9)
DA:1,7
DA:2,7
DA:3,7
DA:4,7
DA:6,7
DA:7,7
DA:8,7
DA:10,7
DA:11,7
DA:12,7
DA:14,7
DA:15,7
DA:16,7
DA:18,7
DA:20,7
DA:21,0
DA:22,0
DA:23,0
DA:25,0
DA:30,7
DA:31,2
DA:32,2
DA:34,2
DA:35,2
DA:36,1
DA:37,1
DA:39,1
DA:48,1
DA:50,1
DA:52,1
DA:53,1
DA:55,1
DA:56,1
DA:62,7
DA:63,4
DA:64,4
DA:65,1
DA:66,1
DA:68,3
DA:69,3
DA:70,1
DA:73,1
DA:75,2
DA:77,2
DA:78,1
DA:79,1
DA:82,1
DA:83,1
DA:90,1
DA:91,1
DA:92,1
DA:100,7
DA:101,3
DA:102,3
DA:103,1
DA:106,1
DA:109,2
DA:111,2
DA:112,0
DA:113,0
DA:116,0
DA:119,2
DA:126,2
DA:127,2
DA:133,7
DA:134,3
DA:135,3
DA:136,3
DA:137,3
DA:139,3
DA:140,3
DA:142,3
DA:143,1
DA:146,1
DA:148,2
DA:149,2
DA:150,2
DA:151,2
DA:158,2
DA:160,2
DA:161,2
DA:162,2
DA:165,2
DA:167,0
DA:177,0
DA:179,0
DA:180,0
DA:181,0
DA:185,0
DA:187,0
DA:188,0
DA:189,0
DA:190,0
DA:194,0
DA:196,0
DA:197,0
DA:198,0
DA:199,0
DA:206,0
DA:208,0
DA:209,0
DA:210,0
DA:214,0
DA:216,0
DA:226,0
DA:228,0
DA:229,0
DA:230,0
DA:233,0
DA:238,7
DA:239,2
DA:240,2
DA:242,2
DA:243,1
DA:246,1
DA:248,1
DA:249,0
DA:252,0
DA:254,1
DA:256,1
DA:257,1
DA:260,1
DA:262,0
DA:266,0
DA:268,0
DA:269,0
DA:270,0
DA:271,0
DA:274,7
DA:275,4
DA:277,4
DA:279,4
DA:280,2
DA:281,2
DA:282,1
DA:285,1
DA:287,1
DA:289,1
DA:290,1
DA:291,1
DA:294,1
DA:296,2
DA:297,2
DA:298,2
DA:299,1
DA:302,1
DA:304,1
DA:306,1
DA:307,1
DA:308,1
DA:311,1
DA:314,7
DA:315,2
DA:317,2
DA:319,2
DA:321,2
DA:322,1
DA:325,1
DA:327,1
DA:328,1
DA:331,1
DA:334,7
DA:335,0
DA:336,0
DA:337,0
DA:339,0
DA:340,0
DA:341,0
DA:344,7
LF:169
LH:122
BRDA:22,0,0,0
BRDA:35,1,0,1
BRDA:64,2,0,1
BRDA:64,3,0,4
BRDA:64,3,1,1
BRDA:69,4,0,1
BRDA:77,5,0,1
BRDA:102,6,0,1
BRDA:111,7,0,0
BRDA:139,8,0,3
BRDA:139,8,1,0
BRDA:142,9,0,1
BRDA:150,10,0,2
BRDA:150,10,1,0
BRDA:187,11,0,0
BRDA:189,12,0,0
BRDA:198,13,0,0
BRDA:198,13,1,0
BRDA:242,14,0,1
BRDA:248,15,0,0
BRDA:256,16,0,1
BRDA:279,17,0,2
BRDA:281,18,0,1
BRDA:296,19,0,2
BRDA:298,20,0,1
BRDA:319,21,0,0
BRDA:321,22,0,1
BRDA:336,23,0,0
BRF:28
BRH:17
end_of_record
TN:
SF:src/services/chapter.service.ts
FN:6,(anonymous_1)
FN:12,(anonymous_2)
FNF:2
FNH:2
FNDA:1,(anonymous_1)
FNDA:1,(anonymous_2)
DA:1,6
DA:2,6
DA:4,6
DA:6,6
DA:7,1
DA:8,1
DA:9,1
DA:12,6
DA:13,1
DA:14,1
DA:15,1
DA:18,6
LF:12
LH:12
BRF:0
BRH:0
end_of_record
TN:
SF:src/services/factory.ts
FN:9,(anonymous_1)
FN:19,(anonymous_2)
FN:31,(anonymous_3)
FN:43,(anonymous_4)
FN:54,(anonymous_5)
FN:61,(anonymous_6)
FN:73,(anonymous_7)
FNF:7
FNH:7
FNDA:4,(anonymous_1)
FNDA:4,(anonymous_2)
FNDA:5,(anonymous_3)
FNDA:5,(anonymous_4)
FNDA:4,(anonymous_5)
FNDA:1,(anonymous_6)
FNDA:1,(anonymous_7)
DA:1,7
DA:3,7
DA:4,7
DA:5,7
DA:7,7
DA:9,7
DA:10,4
DA:11,4
DA:12,4
DA:13,1
DA:14,1
DA:16,3
DA:19,7
DA:20,4
DA:21,4
DA:22,4
DA:23,1
DA:26,1
DA:28,3
DA:31,7
DA:32,5
DA:33,5
DA:34,5
DA:35,1
DA:38,1
DA:40,4
DA:43,7
DA:44,5
DA:45,5
DA:46,5
DA:47,1
DA:50,1
DA:52,4
DA:54,7
DA:55,4
DA:56,4
DA:58,4
DA:61,7
DA:62,1
DA:63,1
DA:64,1
DA:65,0
DA:68,0
DA:70,1
DA:73,7
DA:74,1
DA:75,1
DA:78,7
LF:48
LH:46
BRDA:12,0,0,1
BRDA:22,1,0,1
BRDA:34,2,0,1
BRDA:46,3,0,1
BRDA:64,4,0,0
BRF:5
BRH:4
end_of_record
TN:
SF:src/services/student.service.ts
FN:15,(anonymous_1)
FN:32,(anonymous_2)
FN:45,(anonymous_3)
FN:59,(anonymous_4)
FN:82,(anonymous_5)
FNF:5
FNH:3
FNDA:2,(anonymous_1)
FNDA:2,(anonymous_2)
FNDA:2,(anonymous_3)
FNDA:0,(anonymous_4)
FNDA:0,(anonymous_5)
DA:1,6
DA:2,6
DA:3,6
DA:4,6
DA:5,6
DA:6,6
DA:7,6
DA:8,6
DA:9,6
DA:10,6
DA:11,6
DA:12,6
DA:14,6
DA:15,6
DA:16,2
DA:17,2
DA:18,2
DA:20,2
DA:21,1
DA:22,0
DA:23,0
DA:27,1
DA:28,1
DA:29,1
DA:32,6
DA:33,2
DA:34,2
DA:35,2
DA:36,1
DA:38,1
DA:42,1
DA:43,1
DA:45,6
DA:46,2
DA:47,2
DA:48,2
DA:49,1
DA:51,1
DA:55,1
DA:56,1
DA:59,6
DA:60,0
DA:61,0
DA:62,0
DA:64,0
DA:65,0
DA:67,0
DA:69,0
DA:71,0
DA:76,0
DA:82,6
DA:83,0
DA:84,0
DA:89,6
LF:54
LH:41
BRDA:20,0,0,1
BRDA:22,1,0,0
BRDA:35,2,0,1
BRDA:35,3,0,2
BRDA:35,3,1,2
BRDA:48,4,0,1
BRDA:48,5,0,2
BRDA:48,5,1,2
BRDA:61,6,0,0
BRDA:64,7,0,0
BRF:10
BRH:7
end_of_record
TN:
SF:src/shared/applicationError.ts
FN:17,(anonymous_0)
FNF:1
FNH:1
FNDA:16,(anonymous_0)
DA:1,8
DA:2,8
DA:18,16
DA:19,16
DA:20,0
DA:23,16
DA:24,0
DA:27,16
DA:28,16
DA:29,16
DA:30,16
DA:32,16
LF:12
LH:10
BRDA:19,0,0,0
BRDA:23,1,0,0
BRF:2
BRH:0
end_of_record
TN:
SF:src/shared/formatError.ts
FN:1,formatError
FNF:1
FNH:1
FNDA:5,formatError
DA:1,6
DA:2,5
DA:3,5
DA:5,5
LF:4
LH:4
BRDA:1,0,0,5
BRDA:2,1,0,5
BRDA:2,1,1,0
BRF:3
BRH:2
end_of_record
TN:
SF:src/shared/errors/authError.ts
FNF:0
FNH:0
DA:1,7
DA:3,7
DA:90,7
LF:3
LH:3
BRF:0
BRH:0
end_of_record
TN:
SF:src/shared/errors/commonError.ts
FNF:0
FNH:0
DA:1,7
DA:3,7
DA:73,7
LF:3
LH:3
BRF:0
BRH:0
end_of_record
TN:
SF:src/shared/errors/studentError.ts
FNF:0
FNH:0
DA:1,6
DA:3,6
DA:25,6
LF:3
LH:3
BRF:0
BRH:0
end_of_record
TN:
SF:src/utils/connection.ts
FNF:0
FNH:0
DA:1,8
DA:2,8
DA:3,8
DA:4,8
DA:5,8
DA:6,8
DA:7,8
DA:8,8
DA:9,8
DA:10,8
DA:11,8
DA:12,8
DA:13,8
DA:15,8
DA:37,8
LF:15
LH:15
BRF:0
BRH:0
end_of_record
TN:
SF:src/utils/gTokenForTest.ts
FNF:0
FNH:0
DA:1,5
DA:2,5
DA:4,5
DA:16,5
LF:4
LH:4
BRF:0
BRH:0
end_of_record
TN:
SF:src/utils/generatemail.ts
FN:1,(anonymous_0)
FNF:1
FNH:1
FNDA:1,(anonymous_0)
DA:1,1
DA:2,1
DA:3,1
DA:4,1
DA:5,15
DA:7,1
LF:6
LH:6
BRF:0
BRH:0
end_of_record
TN:
SF:src/utils/logging.ts
FNF:0
FNH:0
DA:1,8
DA:2,8
DA:4,8
DA:5,8
DA:7,8
DA:16,8
DA:33,8
LF:7
LH:7
BRF:0
BRH:0
end_of_record
TN:
SF:src/utils/refreshtoken.ts
FN:10,(anonymous_0)
FN:27,(anonymous_1)
FNF:2
FNH:2
FNDA:3,(anonymous_0)
FNDA:2,(anonymous_1)
DA:5,7
DA:7,7
DA:8,7
DA:10,7
DA:11,3
DA:12,3
DA:16,3
DA:18,3
DA:24,3
DA:27,7
DA:28,2
LF:11
LH:11
BRF:0
BRH:0
end_of_record
TN:
SF:src/utils/sendEmail.ts
FN:9,(anonymous_0)
FN:27,(anonymous_1)
FNF:2
FNH:2
FNDA:3,(anonymous_0)
FNDA:1,(anonymous_1)
DA:1,7
DA:5,7
DA:9,7
DA:10,3
DA:27,7
LF:5
LH:5
BRF:0
BRH:0
end_of_record
TN:
SF:src/utils/validation.ts
FN:5,createValidationFor
FN:31,checkValidationResult
FNF:2
FNH:2
FNDA:12,createValidationFor
FNDA:4,checkValidationResult
DA:3,6
DA:5,6
DA:6,12
DA:8,6
DA:20,6
DA:27,0
DA:31,6
DA:36,4
DA:37,4
DA:38,4
DA:41,0
LF:11
LH:9
BRDA:6,0,0,6
BRDA:6,0,1,6
BRDA:6,0,2,0
BRDA:37,1,0,4
BRF:4
BRH:3
end_of_record
